{"/home/travis/build/npmtest/node-npmtest-angular-drag-and-drop-lists/test.js":{"path":"/home/travis/build/npmtest/node-npmtest-angular-drag-and-drop-lists/test.js","s":{"1":2,"2":2,"3":2,"4":2,"5":2,"6":2,"7":2,"8":1,"9":2,"10":2,"11":1,"12":1,"13":1,"14":1,"15":2,"16":2,"17":2,"18":2,"19":1,"20":1,"21":2,"22":2,"23":2,"24":1,"25":1,"26":1,"27":1,"28":1,"29":1,"30":1,"31":1,"32":1,"33":1,"34":1,"35":1,"36":1,"37":1,"38":1,"39":2,"40":2,"41":1,"42":2,"43":2,"44":1,"45":2,"46":2,"47":1,"48":2,"49":2,"50":1,"51":1,"52":1,"53":1,"54":1},"b":{"1":[2,1,1,1],"2":[1,1,1,1],"3":[1,1],"4":[1,1],"5":[1,1],"6":[1,1],"7":[1,1],"8":[1,1],"9":[1,1],"10":[1,1,1],"11":[1,1],"12":[1,1],"13":[1,1],"14":[1,1],"15":[1,1],"16":[1,1],"17":[1,1]},"f":{"1":2,"2":2,"3":2,"4":2,"5":2,"6":1,"7":1,"8":1,"9":2,"10":2,"11":2,"12":2,"13":1},"fnMap":{"1":{"name":"(anonymous_1)","line":12,"loc":{"start":{"line":12,"column":1},"end":{"line":12,"column":13}}},"2":{"name":"(anonymous_2)","line":19,"loc":{"start":{"line":19,"column":5},"end":{"line":19,"column":17}}},"3":{"name":"(anonymous_3)","line":23,"loc":{"start":{"line":23,"column":24},"end":{"line":23,"column":36}}},"4":{"name":"(anonymous_4)","line":61,"loc":{"start":{"line":61,"column":5},"end":{"line":61,"column":17}}},"5":{"name":"(anonymous_5)","line":82,"loc":{"start":{"line":82,"column":5},"end":{"line":82,"column":17}}},"6":{"name":"(anonymous_6)","line":91,"loc":{"start":{"line":91,"column":77},"end":{"line":94,"column":10}}},"7":{"name":"(anonymous_7)","line":112,"loc":{"start":{"line":112,"column":83},"end":{"line":115,"column":10}},"skip":true},"8":{"name":"(anonymous_8)","line":123,"loc":{"start":{"line":123,"column":77},"end":{"line":126,"column":10}},"skip":true},"9":{"name":"(anonymous_9)","line":139,"loc":{"start":{"line":139,"column":12},"end":{"line":139,"column":40}},"skip":true},"10":{"name":"(anonymous_10)","line":147,"loc":{"start":{"line":147,"column":77},"end":{"line":150,"column":10}},"skip":true},"11":{"name":"(anonymous_11)","line":158,"loc":{"start":{"line":158,"column":83},"end":{"line":161,"column":10}},"skip":true},"12":{"name":"(anonymous_12)","line":169,"loc":{"start":{"line":169,"column":79},"end":{"line":172,"column":10}},"skip":true},"13":{"name":"(anonymous_13)","line":180,"loc":{"start":{"line":180,"column":75},"end":{"line":183,"column":10}},"skip":true}},"statementMap":{"1":{"start":{"line":12,"column":0},"end":{"line":195,"column":5}},"2":{"start":{"line":14,"column":4},"end":{"line":14,"column":14}},"3":{"start":{"line":19,"column":4},"end":{"line":56,"column":9}},"4":{"start":{"line":21,"column":8},"end":{"line":21,"column":19}},"5":{"start":{"line":23,"column":8},"end":{"line":35,"column":13}},"6":{"start":{"line":24,"column":12},"end":{"line":34,"column":13}},"7":{"start":{"line":25,"column":16},"end":{"line":28,"column":30}},"8":{"start":{"line":30,"column":16},"end":{"line":33,"column":27}},"9":{"start":{"line":37,"column":8},"end":{"line":39,"column":21}},"10":{"start":{"line":40,"column":8},"end":{"line":53,"column":9}},"11":{"start":{"line":43,"column":12},"end":{"line":46,"column":14}},"12":{"start":{"line":47,"column":12},"end":{"line":47,"column":18}},"13":{"start":{"line":50,"column":12},"end":{"line":51,"column":46}},"14":{"start":{"line":52,"column":12},"end":{"line":52,"column":18}},"15":{"start":{"line":55,"column":8},"end":{"line":55,"column":35}},"16":{"start":{"line":61,"column":4},"end":{"line":63,"column":9}},"17":{"start":{"line":62,"column":8},"end":{"line":62,"column":15}},"18":{"start":{"line":64,"column":4},"end":{"line":77,"column":5}},"19":{"start":{"line":70,"column":8},"end":{"line":70,"column":14}},"20":{"start":{"line":76,"column":8},"end":{"line":76,"column":14}},"21":{"start":{"line":82,"column":4},"end":{"line":84,"column":9}},"22":{"start":{"line":83,"column":8},"end":{"line":83,"column":15}},"23":{"start":{"line":85,"column":4},"end":{"line":194,"column":5}},"24":{"start":{"line":91,"column":8},"end":{"line":99,"column":10}},"25":{"start":{"line":98,"column":12},"end":{"line":98,"column":35}},"26":{"start":{"line":102,"column":8},"end":{"line":104,"column":63}},"27":{"start":{"line":105,"column":8},"end":{"line":105,"column":14}},"28":{"start":{"line":112,"column":8},"end":{"line":121,"column":10},"skip":true},"29":{"start":{"line":119,"column":12},"end":{"line":119,"column":55},"skip":true},"30":{"start":{"line":120,"column":12},"end":{"line":120,"column":48},"skip":true},"31":{"start":{"line":123,"column":8},"end":{"line":136,"column":10},"skip":true},"32":{"start":{"line":130,"column":12},"end":{"line":130,"column":76},"skip":true},"33":{"start":{"line":131,"column":12},"end":{"line":131,"column":73},"skip":true},"34":{"start":{"line":132,"column":12},"end":{"line":132,"column":74},"skip":true},"35":{"start":{"line":133,"column":12},"end":{"line":133,"column":79},"skip":true},"36":{"start":{"line":134,"column":12},"end":{"line":134,"column":25},"skip":true},"37":{"start":{"line":135,"column":12},"end":{"line":135,"column":45},"skip":true},"38":{"start":{"line":138,"column":8},"end":{"line":145,"column":14},"skip":true},"39":{"start":{"line":143,"column":16},"end":{"line":143,"column":29},"skip":true},"40":{"start":{"line":144,"column":16},"end":{"line":144,"column":55},"skip":true},"41":{"start":{"line":147,"column":8},"end":{"line":156,"column":10},"skip":true},"42":{"start":{"line":154,"column":12},"end":{"line":154,"column":25},"skip":true},"43":{"start":{"line":155,"column":12},"end":{"line":155,"column":45},"skip":true},"44":{"start":{"line":158,"column":8},"end":{"line":167,"column":10},"skip":true},"45":{"start":{"line":165,"column":12},"end":{"line":165,"column":25},"skip":true},"46":{"start":{"line":166,"column":12},"end":{"line":166,"column":48},"skip":true},"47":{"start":{"line":169,"column":8},"end":{"line":178,"column":10},"skip":true},"48":{"start":{"line":176,"column":12},"end":{"line":176,"column":25},"skip":true},"49":{"start":{"line":177,"column":12},"end":{"line":177,"column":46},"skip":true},"50":{"start":{"line":180,"column":8},"end":{"line":189,"column":10},"skip":true},"51":{"start":{"line":187,"column":12},"end":{"line":187,"column":94},"skip":true},"52":{"start":{"line":188,"column":12},"end":{"line":188,"column":48},"skip":true},"53":{"start":{"line":192,"column":8},"end":{"line":192,"column":35},"skip":true},"54":{"start":{"line":193,"column":8},"end":{"line":193,"column":14},"skip":true}},"branchMap":{"1":{"line":25,"type":"binary-expr","locations":[{"start":{"line":25,"column":23},"end":{"line":25,"column":62}},{"start":{"line":26,"column":20},"end":{"line":26,"column":70}},{"start":{"line":27,"column":20},"end":{"line":27,"column":71}},{"start":{"line":28,"column":20},"end":{"line":28,"column":29}}]},"2":{"line":30,"type":"binary-expr","locations":[{"start":{"line":30,"column":23},"end":{"line":30,"column":37}},{"start":{"line":31,"column":20},"end":{"line":31,"column":61}},{"start":{"line":32,"column":20},"end":{"line":32,"column":70}},{"start":{"line":33,"column":20},"end":{"line":33,"column":26}}]},"3":{"line":37,"type":"cond-expr","locations":[{"start":{"line":38,"column":14},"end":{"line":38,"column":20}},{"start":{"line":39,"column":14},"end":{"line":39,"column":20}}]},"4":{"line":40,"type":"switch","locations":[{"start":{"line":42,"column":8},"end":{"line":47,"column":18}},{"start":{"line":49,"column":8},"end":{"line":52,"column":18}}]},"5":{"line":44,"type":"binary-expr","locations":[{"start":{"line":44,"column":16},"end":{"line":44,"column":44}},{"start":{"line":44,"column":48},"end":{"line":44,"column":66}}]},"6":{"line":50,"type":"binary-expr","locations":[{"start":{"line":50,"column":21},"end":{"line":50,"column":49}},{"start":{"line":50,"column":53},"end":{"line":50,"column":72}}]},"7":{"line":64,"type":"switch","locations":[{"start":{"line":69,"column":4},"end":{"line":70,"column":14}},{"start":{"line":75,"column":4},"end":{"line":76,"column":14}}]},"8":{"line":85,"type":"switch","locations":[{"start":{"line":90,"column":4},"end":{"line":105,"column":14}},{"start":{"line":111,"column":4},"end":{"line":193,"column":14},"skip":true}]},"9":{"line":91,"type":"binary-expr","locations":[{"start":{"line":91,"column":42},"end":{"line":91,"column":73}},{"start":{"line":91,"column":77},"end":{"line":99,"column":9}}]},"10":{"line":102,"type":"binary-expr","locations":[{"start":{"line":102,"column":18},"end":{"line":102,"column":32}},{"start":{"line":103,"column":12},"end":{"line":103,"column":53}},{"start":{"line":104,"column":12},"end":{"line":104,"column":61}}]},"11":{"line":112,"type":"binary-expr","locations":[{"start":{"line":112,"column":45},"end":{"line":112,"column":79},"skip":true},{"start":{"line":112,"column":83},"end":{"line":121,"column":9},"skip":true}]},"12":{"line":123,"type":"binary-expr","locations":[{"start":{"line":123,"column":42},"end":{"line":123,"column":73},"skip":true},{"start":{"line":123,"column":77},"end":{"line":136,"column":9},"skip":true}]},"13":{"line":138,"type":"binary-expr","locations":[{"start":{"line":138,"column":48},"end":{"line":138,"column":85},"skip":true},{"start":{"line":139,"column":12},"end":{"line":145,"column":13},"skip":true}]},"14":{"line":147,"type":"binary-expr","locations":[{"start":{"line":147,"column":42},"end":{"line":147,"column":73},"skip":true},{"start":{"line":147,"column":77},"end":{"line":156,"column":9},"skip":true}]},"15":{"line":158,"type":"binary-expr","locations":[{"start":{"line":158,"column":45},"end":{"line":158,"column":79},"skip":true},{"start":{"line":158,"column":83},"end":{"line":167,"column":9},"skip":true}]},"16":{"line":169,"type":"binary-expr","locations":[{"start":{"line":169,"column":43},"end":{"line":169,"column":75},"skip":true},{"start":{"line":169,"column":79},"end":{"line":178,"column":9},"skip":true}]},"17":{"line":180,"type":"binary-expr","locations":[{"start":{"line":180,"column":41},"end":{"line":180,"column":71},"skip":true},{"start":{"line":180,"column":75},"end":{"line":189,"column":9},"skip":true}]}},"code":["/* istanbul instrument in package npmtest_angular_drag_and_drop_lists */","/*jslint","    bitwise: true,","    browser: true,","    maxerr: 8,","    maxlen: 96,","    node: true,","    nomen: true,","    regexp: true,","    stupid: true","*/","(function () {","    'use strict';","    var local;","","","","    // run shared js-env code - pre-init","    (function () {","        // init local","        local = {};","        // init modeJs","        local.modeJs = (function () {","            try {","                return typeof navigator.userAgent === 'string' &&","                    typeof document.querySelector('body') === 'object' &&","                    typeof XMLHttpRequest.prototype.open === 'function' &&","                    'browser';","            } catch (errorCaughtBrowser) {","                return module.exports &&","                    typeof process.versions.node === 'string' &&","                    typeof require('http').createServer === 'function' &&","                    'node';","            }","        }());","        // init global","        local.global = local.modeJs === 'browser'","            ? window","            : global;","        switch (local.modeJs) {","        // re-init local from window.local","        case 'browser':","            local = local.global.utility2.objectSetDefault(","                local.global.utility2_rollup || local.global.local,","                local.global.utility2","            );","            break;","        // re-init local from example.js","        case 'node':","            local = (local.global.utility2_rollup || require('utility2'))","                .requireExampleJsFromReadme();","            break;","        }","        // export local","        local.global.local = local;","    }());","","","","    // run shared js-env code - function","    (function () {","        return;","    }());","    switch (local.modeJs) {","","","","    // run browser js-env code - function","    case 'browser':","        break;","","","","    // run node js-env code - function","    case 'node':","        break;","    }","","","","    // run shared js-env code - post-init","    (function () {","        return;","    }());","    switch (local.modeJs) {","","","","    // run browser js-env code - post-init","    case 'browser':","        local.testCase_browser_nullCase = local.testCase_browser_nullCase || function (","            options,","            onError","        ) {","        /*","         * this function will test browsers's null-case handling-behavior-behavior","         */","            onError(null, options);","        };","","        // run tests","        local.nop(local.modeTest &&","            document.querySelector('#testRunButton1') &&","            document.querySelector('#testRunButton1').click());","        break;","","","","    // run node js-env code - post-init","    /* istanbul ignore next */","    case 'node':","        local.testCase_buildApidoc_default = local.testCase_buildApidoc_default || function (","            options,","            onError","        ) {","        /*","         * this function will test buildApidoc's default handling-behavior-behavior","         */","            options = { modulePathList: module.paths };","            local.buildApidoc(options, onError);","        };","","        local.testCase_buildApp_default = local.testCase_buildApp_default || function (","            options,","            onError","        ) {","        /*","         * this function will test buildApp's default handling-behavior-behavior","         */","            local.testCase_buildReadme_default(options, local.onErrorThrow);","            local.testCase_buildLib_default(options, local.onErrorThrow);","            local.testCase_buildTest_default(options, local.onErrorThrow);","            local.testCase_buildCustomOrg_default(options, local.onErrorThrow);","            options = [];","            local.buildApp(options, onError);","        };","","        local.testCase_buildCustomOrg_default = local.testCase_buildCustomOrg_default ||","            function (options, onError) {","            /*","             * this function will test buildCustomOrg's default handling-behavior","             */","                options = {};","                local.buildCustomOrg(options, onError);","            };","","        local.testCase_buildLib_default = local.testCase_buildLib_default || function (","            options,","            onError","        ) {","        /*","         * this function will test buildLib's default handling-behavior","         */","            options = {};","            local.buildLib(options, onError);","        };","","        local.testCase_buildReadme_default = local.testCase_buildReadme_default || function (","            options,","            onError","        ) {","        /*","         * this function will test buildReadme's default handling-behavior-behavior","         */","            options = {};","            local.buildReadme(options, onError);","        };","","        local.testCase_buildTest_default = local.testCase_buildTest_default || function (","            options,","            onError","        ) {","        /*","         * this function will test buildTest's default handling-behavior","         */","            options = {};","            local.buildTest(options, onError);","        };","","        local.testCase_webpage_default = local.testCase_webpage_default || function (","            options,","            onError","        ) {","        /*","         * this function will test webpage's default handling-behavior","         */","            options = { modeCoverageMerge: true, url: local.serverLocalHost + '?modeTest=1' };","            local.browserTest(options, onError);","        };","","        // run test-server","        local.testRunServer(local);","        break;","    }","}());",""],"l":{"12":2,"14":2,"19":2,"21":2,"23":2,"24":2,"25":2,"30":1,"37":2,"40":2,"43":1,"47":1,"50":1,"52":1,"55":2,"61":2,"62":2,"64":2,"70":1,"76":1,"82":2,"83":2,"85":2,"91":1,"98":1,"102":1,"105":1,"112":1,"119":1,"120":1,"123":1,"130":1,"131":1,"132":1,"133":1,"134":1,"135":1,"138":1,"143":2,"144":2,"147":1,"154":2,"155":2,"158":1,"165":2,"166":2,"169":1,"176":2,"177":2,"180":1,"187":1,"188":1,"192":1,"193":1}},"/home/travis/build/npmtest/node-npmtest-angular-drag-and-drop-lists/lib.npmtest_angular_drag_and_drop_lists.js":{"path":"/home/travis/build/npmtest/node-npmtest-angular-drag-and-drop-lists/lib.npmtest_angular_drag_and_drop_lists.js","s":{"1":2,"2":2,"3":2,"4":2,"5":2,"6":2,"7":2,"8":1,"9":2,"10":2,"11":2,"12":2,"13":1,"14":1,"15":1,"16":1},"b":{"1":[2,1,1,1],"2":[1,1,1,1],"3":[1,1],"4":[2,2],"5":[1,1]},"f":{"1":2,"2":2,"3":2},"fnMap":{"1":{"name":"(anonymous_1)","line":12,"loc":{"start":{"line":12,"column":1},"end":{"line":12,"column":13}}},"2":{"name":"(anonymous_2)","line":19,"loc":{"start":{"line":19,"column":5},"end":{"line":19,"column":17}}},"3":{"name":"(anonymous_3)","line":23,"loc":{"start":{"line":23,"column":24},"end":{"line":23,"column":36}}}},"statementMap":{"1":{"start":{"line":12,"column":0},"end":{"line":53,"column":5}},"2":{"start":{"line":14,"column":4},"end":{"line":14,"column":14}},"3":{"start":{"line":19,"column":4},"end":{"line":52,"column":9}},"4":{"start":{"line":21,"column":8},"end":{"line":21,"column":19}},"5":{"start":{"line":23,"column":8},"end":{"line":35,"column":13}},"6":{"start":{"line":24,"column":12},"end":{"line":34,"column":13}},"7":{"start":{"line":25,"column":16},"end":{"line":28,"column":30}},"8":{"start":{"line":30,"column":16},"end":{"line":33,"column":27}},"9":{"start":{"line":37,"column":8},"end":{"line":39,"column":21}},"10":{"start":{"line":41,"column":8},"end":{"line":41,"column":54}},"11":{"start":{"line":43,"column":8},"end":{"line":43,"column":72}},"12":{"start":{"line":45,"column":8},"end":{"line":51,"column":9}},"13":{"start":{"line":46,"column":12},"end":{"line":46,"column":78}},"14":{"start":{"line":48,"column":12},"end":{"line":48,"column":35}},"15":{"start":{"line":49,"column":12},"end":{"line":49,"column":49}},"16":{"start":{"line":50,"column":12},"end":{"line":50,"column":43}}},"branchMap":{"1":{"line":25,"type":"binary-expr","locations":[{"start":{"line":25,"column":23},"end":{"line":25,"column":62}},{"start":{"line":26,"column":20},"end":{"line":26,"column":70}},{"start":{"line":27,"column":20},"end":{"line":27,"column":71}},{"start":{"line":28,"column":20},"end":{"line":28,"column":29}}]},"2":{"line":30,"type":"binary-expr","locations":[{"start":{"line":30,"column":23},"end":{"line":30,"column":37}},{"start":{"line":31,"column":20},"end":{"line":31,"column":61}},{"start":{"line":32,"column":20},"end":{"line":32,"column":70}},{"start":{"line":33,"column":20},"end":{"line":33,"column":26}}]},"3":{"line":37,"type":"cond-expr","locations":[{"start":{"line":38,"column":14},"end":{"line":38,"column":20}},{"start":{"line":39,"column":14},"end":{"line":39,"column":20}}]},"4":{"line":41,"type":"binary-expr","locations":[{"start":{"line":41,"column":16},"end":{"line":41,"column":44}},{"start":{"line":41,"column":48},"end":{"line":41,"column":53}}]},"5":{"line":45,"type":"if","locations":[{"start":{"line":45,"column":8},"end":{"line":45,"column":8}},{"start":{"line":45,"column":8},"end":{"line":45,"column":8}}]}},"code":["/* istanbul instrument in package npmtest_angular_drag_and_drop_lists */","/*jslint","    bitwise: true,","    browser: true,","    maxerr: 8,","    maxlen: 96,","    node: true,","    nomen: true,","    regexp: true,","    stupid: true","*/","(function () {","    'use strict';","    var local;","","","","    // run shared js-env code - pre-init","    (function () {","        // init local","        local = {};","        // init modeJs","        local.modeJs = (function () {","            try {","                return typeof navigator.userAgent === 'string' &&","                    typeof document.querySelector('body') === 'object' &&","                    typeof XMLHttpRequest.prototype.open === 'function' &&","                    'browser';","            } catch (errorCaughtBrowser) {","                return module.exports &&","                    typeof process.versions.node === 'string' &&","                    typeof require('http').createServer === 'function' &&","                    'node';","            }","        }());","        // init global","        local.global = local.modeJs === 'browser'","            ? window","            : global;","        // init utility2_rollup","        local = local.global.utility2_rollup || local;","        // init lib","        local.local = local.npmtest_angular_drag_and_drop_lists = local;","        // init exports","        if (local.modeJs === 'browser') {","            local.global.utility2_npmtest_angular_drag_and_drop_lists = local;","        } else {","            module.exports = local;","            module.exports.__dirname = __dirname;","            module.exports.module = module;","        }","    }());","}());",""],"l":{"12":2,"14":2,"19":2,"21":2,"23":2,"24":2,"25":2,"30":1,"37":2,"41":2,"43":2,"45":2,"46":1,"48":1,"49":1,"50":1}},"/home/travis/build/npmtest/node-npmtest-angular-drag-and-drop-lists/example.js":{"path":"/home/travis/build/npmtest/node-npmtest-angular-drag-and-drop-lists/example.js","s":{"1":2,"2":2,"3":2,"4":2,"5":2,"6":2,"7":2,"8":1,"9":2,"10":2,"11":2,"12":2,"13":1,"14":2,"15":2,"16":2,"17":2,"18":2,"19":0,"20":2,"21":1,"22":1,"23":1,"24":1,"25":1,"26":0,"27":0,"28":1,"29":1,"30":2,"31":0,"32":0,"33":0,"34":1,"35":2,"36":2,"37":3,"38":3,"39":3,"40":3,"41":0,"42":3,"43":3,"44":3,"45":1,"46":3,"47":1,"48":1,"49":1,"50":1,"51":1,"52":1,"53":1,"54":1,"55":1,"56":1,"57":0,"58":1,"59":6,"60":6,"61":1,"62":2,"63":0,"64":2,"65":1,"66":1,"67":0,"68":0,"69":0,"70":0,"71":0,"72":0,"73":0,"74":0,"75":0,"76":0,"77":0,"78":0,"79":0,"80":0,"81":0,"82":0,"83":0},"b":{"1":[2,1,1,1],"2":[1,1,1,1],"3":[1,1],"4":[2,2],"5":[1,1],"6":[1,1],"7":[2,0],"8":[2,1,1,1,1,1],"9":[0,2,0],"10":[1,1],"11":[2,1,1],"12":[1,0],"13":[0,2],"14":[2,0,0,0,0,0,0],"15":[0,3],"16":[3,0],"17":[1,1],"18":[0,1],"19":[1,2,0,2],"20":[1,0],"21":[1,1],"22":[0,0],"23":[0,0],"24":[0,0],"25":[0,0],"26":[0,0],"27":[0,0],"28":[0,0]},"f":{"1":2,"2":2,"3":2,"4":2,"5":2,"6":2,"7":3,"8":3,"9":3,"10":1,"11":6,"12":0},"fnMap":{"1":{"name":"(anonymous_1)","line":26,"loc":{"start":{"line":26,"column":1},"end":{"line":26,"column":13}}},"2":{"name":"(anonymous_2)","line":33,"loc":{"start":{"line":33,"column":5},"end":{"line":33,"column":17}}},"3":{"name":"(anonymous_3)","line":37,"loc":{"start":{"line":37,"column":24},"end":{"line":37,"column":36}}},"4":{"name":"(anonymous_4)","line":69,"loc":{"start":{"line":69,"column":31},"end":{"line":69,"column":48}},"skip":true},"5":{"name":"(anonymous_5)","line":78,"loc":{"start":{"line":78,"column":26},"end":{"line":78,"column":45}},"skip":true},"6":{"name":"(anonymous_6)","line":123,"loc":{"start":{"line":123,"column":33},"end":{"line":123,"column":48}},"skip":true},"7":{"name":"(anonymous_7)","line":125,"loc":{"start":{"line":125,"column":27},"end":{"line":125,"column":39}},"skip":true},"8":{"name":"(anonymous_8)","line":133,"loc":{"start":{"line":133,"column":59},"end":{"line":133,"column":74}},"skip":true},"9":{"name":"(anonymous_9)","line":143,"loc":{"start":{"line":143,"column":45},"end":{"line":143,"column":62}},"skip":true},"10":{"name":"(anonymous_10)","line":144,"loc":{"start":{"line":144,"column":73},"end":{"line":144,"column":92}},"skip":true},"11":{"name":"(anonymous_11)","line":272,"loc":{"start":{"line":272,"column":51},"end":{"line":272,"column":77}},"skip":true},"12":{"name":"(anonymous_12)","line":315,"loc":{"start":{"line":315,"column":32},"end":{"line":315,"column":61}},"skip":true}},"statementMap":{"1":{"start":{"line":26,"column":0},"end":{"line":326,"column":5}},"2":{"start":{"line":28,"column":4},"end":{"line":28,"column":14}},"3":{"start":{"line":33,"column":4},"end":{"line":60,"column":9}},"4":{"start":{"line":35,"column":8},"end":{"line":35,"column":19}},"5":{"start":{"line":37,"column":8},"end":{"line":49,"column":13}},"6":{"start":{"line":38,"column":12},"end":{"line":48,"column":13}},"7":{"start":{"line":39,"column":16},"end":{"line":42,"column":30}},"8":{"start":{"line":44,"column":16},"end":{"line":47,"column":27}},"9":{"start":{"line":51,"column":8},"end":{"line":53,"column":21}},"10":{"start":{"line":55,"column":8},"end":{"line":57,"column":45}},"11":{"start":{"line":59,"column":8},"end":{"line":59,"column":35}},"12":{"start":{"line":61,"column":4},"end":{"line":325,"column":5}},"13":{"start":{"line":69,"column":8},"end":{"line":121,"column":10},"skip":true},"14":{"start":{"line":70,"column":12},"end":{"line":88,"column":13},"skip":true},"15":{"start":{"line":76,"column":16},"end":{"line":87,"column":19},"skip":true},"16":{"start":{"line":79,"column":20},"end":{"line":86,"column":21},"skip":true},"17":{"start":{"line":82,"column":24},"end":{"line":82,"column":43},"skip":true},"18":{"start":{"line":83,"column":24},"end":{"line":83,"column":30},"skip":true},"19":{"start":{"line":85,"column":24},"end":{"line":85,"column":49},"skip":true},"20":{"start":{"line":89,"column":12},"end":{"line":107,"column":13},"skip":true},"21":{"start":{"line":92,"column":16},"end":{"line":102,"column":17},"skip":true},"22":{"start":{"line":93,"column":20},"end":{"line":93,"column":86},"skip":true},"23":{"start":{"line":94,"column":20},"end":{"line":95,"column":45},"skip":true},"24":{"start":{"line":96,"column":20},"end":{"line":96,"column":42},"skip":true},"25":{"start":{"line":97,"column":20},"end":{"line":97,"column":48},"skip":true},"26":{"start":{"line":100,"column":20},"end":{"line":100,"column":85},"skip":true},"27":{"start":{"line":101,"column":20},"end":{"line":101,"column":96},"skip":true},"28":{"start":{"line":103,"column":16},"end":{"line":103,"column":22},"skip":true},"29":{"start":{"line":106,"column":16},"end":{"line":106,"column":22},"skip":true},"30":{"start":{"line":108,"column":12},"end":{"line":120,"column":13},"skip":true},"31":{"start":{"line":114,"column":16},"end":{"line":119,"column":17},"skip":true},"32":{"start":{"line":116,"column":20},"end":{"line":116,"column":78},"skip":true},"33":{"start":{"line":118,"column":20},"end":{"line":118,"column":47},"skip":true},"34":{"start":{"line":123,"column":8},"end":{"line":141,"column":11},"skip":true},"35":{"start":{"line":124,"column":12},"end":{"line":124,"column":54},"skip":true},"36":{"start":{"line":125,"column":12},"end":{"line":140,"column":14},"skip":true},"37":{"start":{"line":126,"column":16},"end":{"line":126,"column":28},"skip":true},"38":{"start":{"line":127,"column":16},"end":{"line":127,"column":69},"skip":true},"39":{"start":{"line":128,"column":16},"end":{"line":128,"column":75},"skip":true},"40":{"start":{"line":129,"column":16},"end":{"line":131,"column":17},"skip":true},"41":{"start":{"line":130,"column":20},"end":{"line":130,"column":27},"skip":true},"42":{"start":{"line":133,"column":16},"end":{"line":137,"column":36},"skip":true},"43":{"start":{"line":134,"column":20},"end":{"line":136,"column":55},"skip":true},"44":{"start":{"line":139,"column":16},"end":{"line":139,"column":57},"skip":true},"45":{"start":{"line":143,"column":8},"end":{"line":147,"column":11},"skip":true},"46":{"start":{"line":144,"column":12},"end":{"line":146,"column":15},"skip":true},"47":{"start":{"line":145,"column":16},"end":{"line":145,"column":70},"skip":true},"48":{"start":{"line":149,"column":8},"end":{"line":149,"column":31},"skip":true},"49":{"start":{"line":150,"column":8},"end":{"line":150,"column":14},"skip":true},"50":{"start":{"line":158,"column":8},"end":{"line":158,"column":31},"skip":true},"51":{"start":{"line":160,"column":8},"end":{"line":160,"column":33},"skip":true},"52":{"start":{"line":161,"column":8},"end":{"line":161,"column":37},"skip":true},"53":{"start":{"line":162,"column":8},"end":{"line":162,"column":35},"skip":true},"54":{"start":{"line":164,"column":8},"end":{"line":164,"column":50},"skip":true},"55":{"start":{"line":166,"column":8},"end":{"line":256,"column":2},"skip":true},"56":{"start":{"line":258,"column":8},"end":{"line":286,"column":9},"skip":true},"57":{"start":{"line":259,"column":12},"end":{"line":269,"column":14},"skip":true},"58":{"start":{"line":271,"column":12},"end":{"line":285,"column":19},"skip":true},"59":{"start":{"line":274,"column":20},"end":{"line":274,"column":35},"skip":true},"60":{"start":{"line":275,"column":20},"end":{"line":284,"column":21},"skip":true},"61":{"start":{"line":277,"column":24},"end":{"line":277,"column":64},"skip":true},"62":{"start":{"line":279,"column":24},"end":{"line":279,"column":40},"skip":true},"63":{"start":{"line":281,"column":24},"end":{"line":281,"column":40},"skip":true},"64":{"start":{"line":283,"column":24},"end":{"line":283,"column":39},"skip":true},"65":{"start":{"line":288,"column":8},"end":{"line":290,"column":9},"skip":true},"66":{"start":{"line":289,"column":12},"end":{"line":289,"column":18},"skip":true},"67":{"start":{"line":291,"column":8},"end":{"line":293,"column":54},"skip":true},"68":{"start":{"line":296,"column":8},"end":{"line":301,"column":37},"skip":true},"69":{"start":{"line":303,"column":8},"end":{"line":303,"column":82},"skip":true},"70":{"start":{"line":306,"column":8},"end":{"line":308,"column":9},"skip":true},"71":{"start":{"line":307,"column":12},"end":{"line":307,"column":82},"skip":true},"72":{"start":{"line":310,"column":8},"end":{"line":312,"column":9},"skip":true},"73":{"start":{"line":311,"column":12},"end":{"line":311,"column":18},"skip":true},"74":{"start":{"line":313,"column":8},"end":{"line":313,"column":54},"skip":true},"75":{"start":{"line":314,"column":8},"end":{"line":314,"column":69},"skip":true},"76":{"start":{"line":315,"column":8},"end":{"line":323,"column":36},"skip":true},"77":{"start":{"line":316,"column":12},"end":{"line":316,"column":61},"skip":true},"78":{"start":{"line":317,"column":12},"end":{"line":320,"column":13},"skip":true},"79":{"start":{"line":318,"column":16},"end":{"line":318,"column":75},"skip":true},"80":{"start":{"line":319,"column":16},"end":{"line":319,"column":23},"skip":true},"81":{"start":{"line":321,"column":12},"end":{"line":321,"column":38},"skip":true},"82":{"start":{"line":322,"column":12},"end":{"line":322,"column":27},"skip":true},"83":{"start":{"line":324,"column":8},"end":{"line":324,"column":14},"skip":true}},"branchMap":{"1":{"line":39,"type":"binary-expr","locations":[{"start":{"line":39,"column":23},"end":{"line":39,"column":62}},{"start":{"line":40,"column":20},"end":{"line":40,"column":70}},{"start":{"line":41,"column":20},"end":{"line":41,"column":71}},{"start":{"line":42,"column":20},"end":{"line":42,"column":29}}]},"2":{"line":44,"type":"binary-expr","locations":[{"start":{"line":44,"column":23},"end":{"line":44,"column":37}},{"start":{"line":45,"column":20},"end":{"line":45,"column":61}},{"start":{"line":46,"column":20},"end":{"line":46,"column":70}},{"start":{"line":47,"column":20},"end":{"line":47,"column":26}}]},"3":{"line":51,"type":"cond-expr","locations":[{"start":{"line":52,"column":14},"end":{"line":52,"column":20}},{"start":{"line":53,"column":14},"end":{"line":53,"column":20}}]},"4":{"line":55,"type":"binary-expr","locations":[{"start":{"line":55,"column":16},"end":{"line":55,"column":44}},{"start":{"line":55,"column":49},"end":{"line":57,"column":43}}]},"5":{"line":55,"type":"cond-expr","locations":[{"start":{"line":56,"column":14},"end":{"line":56,"column":71}},{"start":{"line":57,"column":14},"end":{"line":57,"column":43}}]},"6":{"line":61,"type":"switch","locations":[{"start":{"line":68,"column":4},"end":{"line":150,"column":14},"skip":true},{"start":{"line":156,"column":4},"end":{"line":324,"column":14},"skip":true}]},"7":{"line":70,"type":"if","locations":[{"start":{"line":70,"column":12},"end":{"line":70,"column":12},"skip":true},{"start":{"line":70,"column":12},"end":{"line":70,"column":12},"skip":true}]},"8":{"line":70,"type":"binary-expr","locations":[{"start":{"line":70,"column":16},"end":{"line":70,"column":22},"skip":true},{"start":{"line":70,"column":27},"end":{"line":70,"column":32},"skip":true},{"start":{"line":71,"column":20},"end":{"line":71,"column":39},"skip":true},{"start":{"line":72,"column":20},"end":{"line":72,"column":49},"skip":true},{"start":{"line":73,"column":20},"end":{"line":73,"column":58},"skip":true},{"start":{"line":74,"column":20},"end":{"line":74,"column":69},"skip":true}]},"9":{"line":79,"type":"switch","locations":[{"start":{"line":80,"column":20},"end":{"line":80,"column":33},"skip":true},{"start":{"line":81,"column":20},"end":{"line":83,"column":30},"skip":true},{"start":{"line":84,"column":20},"end":{"line":85,"column":49},"skip":true}]},"10":{"line":89,"type":"switch","locations":[{"start":{"line":90,"column":12},"end":{"line":103,"column":22},"skip":true},{"start":{"line":105,"column":12},"end":{"line":106,"column":22},"skip":true}]},"11":{"line":89,"type":"binary-expr","locations":[{"start":{"line":89,"column":20},"end":{"line":89,"column":25},"skip":true},{"start":{"line":89,"column":29},"end":{"line":89,"column":48},"skip":true},{"start":{"line":89,"column":52},"end":{"line":89,"column":74},"skip":true}]},"12":{"line":92,"type":"if","locations":[{"start":{"line":92,"column":16},"end":{"line":92,"column":16},"skip":true},{"start":{"line":92,"column":16},"end":{"line":92,"column":16},"skip":true}]},"13":{"line":108,"type":"if","locations":[{"start":{"line":108,"column":12},"end":{"line":108,"column":12},"skip":true},{"start":{"line":108,"column":12},"end":{"line":108,"column":12},"skip":true}]},"14":{"line":108,"type":"binary-expr","locations":[{"start":{"line":108,"column":16},"end":{"line":108,"column":61},"skip":true},{"start":{"line":108,"column":66},"end":{"line":108,"column":72},"skip":true},{"start":{"line":108,"column":77},"end":{"line":108,"column":82},"skip":true},{"start":{"line":109,"column":20},"end":{"line":109,"column":39},"skip":true},{"start":{"line":110,"column":20},"end":{"line":110,"column":49},"skip":true},{"start":{"line":111,"column":20},"end":{"line":111,"column":58},"skip":true},{"start":{"line":112,"column":20},"end":{"line":112,"column":68},"skip":true}]},"15":{"line":129,"type":"if","locations":[{"start":{"line":129,"column":16},"end":{"line":129,"column":16},"skip":true},{"start":{"line":129,"column":16},"end":{"line":129,"column":16},"skip":true}]},"16":{"line":134,"type":"cond-expr","locations":[{"start":{"line":135,"column":26},"end":{"line":135,"column":29},"skip":true},{"start":{"line":136,"column":26},"end":{"line":136,"column":54},"skip":true}]},"17":{"line":164,"type":"binary-expr","locations":[{"start":{"line":164,"column":27},"end":{"line":164,"column":43},"skip":true},{"start":{"line":164,"column":47},"end":{"line":164,"column":49},"skip":true}]},"18":{"line":258,"type":"if","locations":[{"start":{"line":258,"column":8},"end":{"line":258,"column":8},"skip":true},{"start":{"line":258,"column":8},"end":{"line":258,"column":8},"skip":true}]},"19":{"line":275,"type":"switch","locations":[{"start":{"line":276,"column":20},"end":{"line":277,"column":64},"skip":true},{"start":{"line":278,"column":20},"end":{"line":279,"column":40},"skip":true},{"start":{"line":280,"column":20},"end":{"line":281,"column":40},"skip":true},{"start":{"line":282,"column":20},"end":{"line":283,"column":39},"skip":true}]},"20":{"line":288,"type":"if","locations":[{"start":{"line":288,"column":8},"end":{"line":288,"column":8},"skip":true},{"start":{"line":288,"column":8},"end":{"line":288,"column":8},"skip":true}]},"21":{"line":288,"type":"binary-expr","locations":[{"start":{"line":288,"column":12},"end":{"line":288,"column":40},"skip":true},{"start":{"line":288,"column":44},"end":{"line":288,"column":67},"skip":true}]},"22":{"line":292,"type":"binary-expr","locations":[{"start":{"line":292,"column":12},"end":{"line":292,"column":50},"skip":true},{"start":{"line":293,"column":12},"end":{"line":293,"column":53},"skip":true}]},"23":{"line":297,"type":"binary-expr","locations":[{"start":{"line":297,"column":12},"end":{"line":297,"column":85},"skip":true},{"start":{"line":298,"column":12},"end":{"line":301,"column":36},"skip":true}]},"24":{"line":303,"type":"binary-expr","locations":[{"start":{"line":303,"column":43},"end":{"line":303,"column":75},"skip":true},{"start":{"line":303,"column":79},"end":{"line":303,"column":81},"skip":true}]},"25":{"line":306,"type":"if","locations":[{"start":{"line":306,"column":8},"end":{"line":306,"column":8},"skip":true},{"start":{"line":306,"column":8},"end":{"line":306,"column":8},"skip":true}]},"26":{"line":310,"type":"if","locations":[{"start":{"line":310,"column":8},"end":{"line":310,"column":8},"skip":true},{"start":{"line":310,"column":8},"end":{"line":310,"column":8},"skip":true}]},"27":{"line":313,"type":"binary-expr","locations":[{"start":{"line":313,"column":27},"end":{"line":313,"column":43},"skip":true},{"start":{"line":313,"column":47},"end":{"line":313,"column":53},"skip":true}]},"28":{"line":317,"type":"if","locations":[{"start":{"line":317,"column":12},"end":{"line":317,"column":12},"skip":true},{"start":{"line":317,"column":12},"end":{"line":317,"column":12},"skip":true}]}},"code":["/*","example.js","","quickstart example","","instruction","    1. save this script as example.js","    2. run the shell command:","        $ npm install npmtest-angular-drag-and-drop-lists && PORT=8081 node example.js","    3. play with the browser-demo on http://127.0.0.1:8081","*/","","","","/* istanbul instrument in package npmtest_angular_drag_and_drop_lists */","/*jslint","    bitwise: true,","    browser: true,","    maxerr: 8,","    maxlen: 96,","    node: true,","    nomen: true,","    regexp: true,","    stupid: true","*/","(function () {","    'use strict';","    var local;","","","","    // run shared js-env code - pre-init","    (function () {","        // init local","        local = {};","        // init modeJs","        local.modeJs = (function () {","            try {","                return typeof navigator.userAgent === 'string' &&","                    typeof document.querySelector('body') === 'object' &&","                    typeof XMLHttpRequest.prototype.open === 'function' &&","                    'browser';","            } catch (errorCaughtBrowser) {","                return module.exports &&","                    typeof process.versions.node === 'string' &&","                    typeof require('http').createServer === 'function' &&","                    'node';","            }","        }());","        // init global","        local.global = local.modeJs === 'browser'","            ? window","            : global;","        // init utility2_rollup","        local = local.global.utility2_rollup || (local.modeJs === 'browser'","            ? local.global.utility2_npmtest_angular_drag_and_drop_lists","            : global.utility2_moduleExports);","        // export local","        local.global.local = local;","    }());","    switch (local.modeJs) {","","","","    // post-init","    // run browser js-env code - post-init","    /* istanbul ignore next */","    case 'browser':","        local.testRunBrowser = function (event) {","            if (!event || (event &&","                    event.currentTarget &&","                    event.currentTarget.className &&","                    event.currentTarget.className.includes &&","                    event.currentTarget.className.includes('onreset'))) {","                // reset output","                Array.from(","                    document.querySelectorAll('body > .resettable')","                ).forEach(function (element) {","                    switch (element.tagName) {","                    case 'INPUT':","                    case 'TEXTAREA':","                        element.value = '';","                        break;","                    default:","                        element.textContent = '';","                    }","                });","            }","            switch (event && event.currentTarget && event.currentTarget.id) {","            case 'testRunButton1':","                // show tests","                if (document.querySelector('#testReportDiv1').style.display === 'none') {","                    document.querySelector('#testReportDiv1').style.display = 'block';","                    document.querySelector('#testRunButton1').textContent =","                        'hide internal test';","                    local.modeTest = true;","                    local.testRunDefault(local);","                // hide tests","                } else {","                    document.querySelector('#testReportDiv1').style.display = 'none';","                    document.querySelector('#testRunButton1').textContent = 'run internal test';","                }","                break;","            // custom-case","            default:","                break;","            }","            if (document.querySelector('#inputTextareaEval1') && (!event || (event &&","                    event.currentTarget &&","                    event.currentTarget.className &&","                    event.currentTarget.className.includes &&","                    event.currentTarget.className.includes('oneval')))) {","                // try to eval input-code","                try {","                    /*jslint evil: true*/","                    eval(document.querySelector('#inputTextareaEval1').value);","                } catch (errorCaught) {","                    console.error(errorCaught);","                }","            }","        };","        // log stderr and stdout to #outputTextareaStdout1","        ['error', 'log'].forEach(function (key) {","            console[key + '_original'] = console[key];","            console[key] = function () {","                var element;","                console[key + '_original'].apply(console, arguments);","                element = document.querySelector('#outputTextareaStdout1');","                if (!element) {","                    return;","                }","                // append text to #outputTextareaStdout1","                element.value += Array.from(arguments).map(function (arg) {","                    return typeof arg === 'string'","                        ? arg","                        : JSON.stringify(arg, null, 4);","                }).join(' ') + '\\n';","                // scroll textarea to bottom","                element.scrollTop = element.scrollHeight;","            };","        });","        // init event-handling","        ['change', 'click', 'keyup'].forEach(function (event) {","            Array.from(document.querySelectorAll('.on' + event)).forEach(function (element) {","                element.addEventListener(event, local.testRunBrowser);","            });","        });","        // run tests","        local.testRunBrowser();","        break;","","","","    // run node js-env code - post-init","    /* istanbul ignore next */","    case 'node':","        // export local","        module.exports = local;","        // require modules","        local.fs = require('fs');","        local.http = require('http');","        local.url = require('url');","        // init assets","        local.assetsDict = local.assetsDict || {};","        /* jslint-ignore-begin */","        local.assetsDict['/assets.index.template.html'] = '\\","<!doctype html>\\n\\","<html lang=\"en\">\\n\\","<head>\\n\\","<meta charset=\"UTF-8\">\\n\\","<meta name=\"viewport\" content=\"width=device-width, initial-scale=1\">\\n\\","<title>{{env.npm_package_name}} (v{{env.npm_package_version}})</title>\\n\\","<style>\\n\\","/*csslint\\n\\","    box-sizing: false,\\n\\","    universal-selector: false\\n\\","*/\\n\\","* {\\n\\","    box-sizing: border-box;\\n\\","}\\n\\","body {\\n\\","    background: #dde;\\n\\","    font-family: Arial, Helvetica, sans-serif;\\n\\","    margin: 2rem;\\n\\","}\\n\\","body > * {\\n\\","    margin-bottom: 1rem;\\n\\","}\\n\\",".utility2FooterDiv {\\n\\","    margin-top: 20px;\\n\\","    text-align: center;\\n\\","}\\n\\","</style>\\n\\","<style>\\n\\","/*csslint\\n\\","*/\\n\\","textarea {\\n\\","    font-family: monospace;\\n\\","    height: 10rem;\\n\\","    width: 100%;\\n\\","}\\n\\","textarea[readonly] {\\n\\","    background: #ddd;\\n\\","}\\n\\","</style>\\n\\","</head>\\n\\","<body>\\n\\","<!-- utility2-comment\\n\\","<div id=\"ajaxProgressDiv1\" style=\"background: #d00; height: 2px; left: 0; margin: 0; padding: 0; position: fixed; top: 0; transition: background 0.5s, width 1.5s; width: 25%;\"></div>\\n\\","utility2-comment -->\\n\\","<h1>\\n\\","<!-- utility2-comment\\n\\","    <a\\n\\","        {{#if env.npm_package_homepage}}\\n\\","        href=\"{{env.npm_package_homepage}}\"\\n\\","        {{/if env.npm_package_homepage}}\\n\\","        target=\"_blank\"\\n\\","    >\\n\\","utility2-comment -->\\n\\","        {{env.npm_package_name}} (v{{env.npm_package_version}})\\n\\","<!-- utility2-comment\\n\\","    </a>\\n\\","utility2-comment -->\\n\\","</h1>\\n\\","<h3>{{env.npm_package_description}}</h3>\\n\\","<!-- utility2-comment\\n\\","<h4><a download href=\"assets.app.js\">download standalone app</a></h4>\\n\\","<button class=\"onclick onreset\" id=\"testRunButton1\">run internal test</button><br>\\n\\","<div id=\"testReportDiv1\" style=\"display: none;\"></div>\\n\\","utility2-comment -->\\n\\","\\n\\","\\n\\","\\n\\","<label>stderr and stdout</label>\\n\\","<textarea class=\"resettable\" id=\"outputTextareaStdout1\" readonly></textarea>\\n\\","<!-- utility2-comment\\n\\","{{#if isRollup}}\\n\\","<script src=\"assets.app.js\"></script>\\n\\","{{#unless isRollup}}\\n\\","utility2-comment -->\\n\\","<script src=\"assets.utility2.rollup.js\"></script>\\n\\","<script src=\"jsonp.utility2._stateInit?callback=window.utility2._stateInit\"></script>\\n\\","<script src=\"assets.npmtest_angular_drag_and_drop_lists.rollup.js\"></script>\\n\\","<script src=\"assets.example.js\"></script>\\n\\","<script src=\"assets.test.js\"></script>\\n\\","<!-- utility2-comment\\n\\","{{/if isRollup}}\\n\\","utility2-comment -->\\n\\","<div class=\"utility2FooterDiv\">\\n\\","    [ this app was created with\\n\\","    <a href=\"https://github.com/kaizhu256/node-utility2\" target=\"_blank\">utility2</a>\\n\\","    ]\\n\\","</div>\\n\\","</body>\\n\\","</html>\\n\\","';","        /* jslint-ignore-end */","        if (local.templateRender) {","            local.assetsDict['/'] = local.templateRender(","                local.assetsDict['/assets.index.template.html'],","                {","                    env: local.objectSetDefault(local.env, {","                        npm_package_description: 'the greatest app in the world!',","                        npm_package_name: 'my-app',","                        npm_package_nameAlias: 'my_app',","                        npm_package_version: '0.0.1'","                    })","                }","            );","        } else {","            local.assetsDict['/'] = local.assetsDict['/assets.index.template.html']","                .replace((/\\{\\{env\\.(\\w+?)\\}\\}/g), function (match0, match1) {","                    // jslint-hack","                    String(match0);","                    switch (match1) {","                    case 'npm_package_description':","                        return 'the greatest app in the world!';","                    case 'npm_package_name':","                        return 'my-app';","                    case 'npm_package_nameAlias':","                        return 'my_app';","                    case 'npm_package_version':","                        return '0.0.1';","                    }","                });","        }","        // run the cli","        if (local.global.utility2_rollup || module !== require.main) {","            break;","        }","        local.assetsDict['/assets.example.js'] =","            local.assetsDict['/assets.example.js'] ||","            local.fs.readFileSync(__filename, 'utf8');","        // bug-workaround - long $npm_package_buildCustomOrg","        /* jslint-ignore-begin */","        local.assetsDict['/assets.npmtest_angular_drag_and_drop_lists.rollup.js'] =","            local.assetsDict['/assets.npmtest_angular_drag_and_drop_lists.rollup.js'] ||","            local.fs.readFileSync(","                local.npmtest_angular_drag_and_drop_lists.__dirname + '/lib.npmtest_angular_drag_and_drop_lists.js',","                'utf8'","            ).replace((/^#!/), '//');","        /* jslint-ignore-end */","        local.assetsDict['/favicon.ico'] = local.assetsDict['/favicon.ico'] || '';","        // if $npm_config_timeout_exit exists,","        // then exit this process after $npm_config_timeout_exit ms","        if (Number(process.env.npm_config_timeout_exit)) {","            setTimeout(process.exit, Number(process.env.npm_config_timeout_exit));","        }","        // start server","        if (local.global.utility2_serverHttp1) {","            break;","        }","        process.env.PORT = process.env.PORT || '8081';","        console.error('server starting on port ' + process.env.PORT);","        local.http.createServer(function (request, response) {","            request.urlParsed = local.url.parse(request.url);","            if (local.assetsDict[request.urlParsed.pathname] !== undefined) {","                response.end(local.assetsDict[request.urlParsed.pathname]);","                return;","            }","            response.statusCode = 404;","            response.end();","        }).listen(process.env.PORT);","        break;","    }","}());",""],"l":{"26":2,"28":2,"33":2,"35":2,"37":2,"38":2,"39":2,"44":1,"51":2,"55":2,"59":2,"61":2,"69":1,"70":2,"76":2,"79":2,"82":2,"83":2,"85":1,"89":2,"92":1,"93":1,"94":1,"96":1,"97":1,"100":1,"101":1,"103":1,"106":1,"108":2,"114":1,"116":1,"118":1,"123":1,"124":2,"125":2,"126":3,"127":3,"128":3,"129":3,"130":1,"133":3,"134":3,"139":3,"143":1,"144":3,"145":1,"149":1,"150":1,"158":1,"160":1,"161":1,"162":1,"164":1,"166":1,"258":1,"259":1,"271":1,"274":6,"275":6,"277":1,"279":2,"281":1,"283":2,"288":1,"289":1,"291":1,"296":1,"303":1,"306":1,"307":1,"310":1,"311":1,"313":1,"314":1,"315":1,"316":1,"317":1,"318":1,"319":1,"321":1,"322":1,"324":1}},"/home/travis/build/npmtest/node-npmtest-angular-drag-and-drop-lists/node_modules/angular-drag-and-drop-lists/angular-drag-and-drop-lists.js":{"path":"/home/travis/build/npmtest/node-npmtest-angular-drag-and-drop-lists/node_modules/angular-drag-and-drop-lists/angular-drag-and-drop-lists.js","s":{"1":2,"2":0,"3":0,"4":0,"5":0,"6":0,"7":0,"8":0,"9":0,"10":0,"11":0,"12":0,"13":0,"14":0,"15":0,"16":0,"17":0,"18":0,"19":0,"20":0,"21":0,"22":0,"23":0,"24":0,"25":0,"26":0,"27":0,"28":0,"29":0,"30":0,"31":0,"32":0,"33":0,"34":0,"35":0,"36":0,"37":0,"38":0,"39":0,"40":0,"41":0,"42":0,"43":0,"44":0,"45":0,"46":0,"47":0,"48":0,"49":0,"50":0,"51":0,"52":0,"53":0,"54":0,"55":0,"56":0,"57":0,"58":0,"59":0,"60":0,"61":0,"62":0,"63":0,"64":0,"65":0,"66":0,"67":0,"68":0,"69":0,"70":0,"71":0,"72":0,"73":0,"74":0,"75":0,"76":0,"77":0,"78":0,"79":0,"80":0,"81":0,"82":0,"83":0,"84":0,"85":0,"86":0,"87":0,"88":0,"89":0,"90":0,"91":0,"92":0,"93":0,"94":0,"95":0,"96":0,"97":0,"98":0,"99":0,"100":0,"101":0,"102":0,"103":0,"104":0,"105":0,"106":0,"107":0,"108":0,"109":0,"110":0,"111":0,"112":0,"113":0,"114":0,"115":0,"116":0,"117":0,"118":0,"119":0,"120":0,"121":0,"122":0,"123":0,"124":0,"125":0,"126":0,"127":0,"128":0,"129":0,"130":0,"131":0,"132":0,"133":0,"134":0,"135":0,"136":0,"137":0,"138":0,"139":0,"140":0,"141":0,"142":0,"143":0,"144":0,"145":0,"146":0,"147":0,"148":0,"149":0,"150":0,"151":1,"152":0,"153":0,"154":0,"155":0,"156":0,"157":0,"158":1,"159":0,"160":0,"161":0,"162":0,"163":0,"164":1,"165":0,"166":0,"167":0,"168":0,"169":0,"170":0,"171":0,"172":1,"173":0,"174":0,"175":0,"176":0,"177":0,"178":0,"179":0,"180":0,"181":0,"182":0,"183":0,"184":0,"185":0,"186":0,"187":1,"188":0,"189":0,"190":0,"191":1,"192":0,"193":1,"194":0,"195":1,"196":0,"197":0,"198":0,"199":0,"200":0,"201":0,"202":0,"203":0,"204":0,"205":0,"206":0,"207":0,"208":0,"209":0,"210":0,"211":0,"212":0,"213":0,"214":0,"215":0,"216":0,"217":0,"218":0,"219":0,"220":0,"221":1,"222":0,"223":0,"224":0,"225":0,"226":0},"b":{"1":[0,0],"2":[0,0],"3":[0,0],"4":[0,0],"5":[0,0],"6":[0,0],"7":[0,0],"8":[0,0],"9":[0,0],"10":[0,0],"11":[0,0],"12":[0,0],"13":[0,0],"14":[0,0],"15":[0,0],"16":[0,0],"17":[0,0],"18":[0,0],"19":[0,0],"20":[0,0],"21":[0,0],"22":[0,0],"23":[0,0],"24":[0,0],"25":[0,0],"26":[0,0],"27":[0,0],"28":[0,0],"29":[0,0],"30":[0,0],"31":[0,0],"32":[0,0],"33":[0,0],"34":[0,0],"35":[0,0],"36":[0,0],"37":[0,0],"38":[0,0],"39":[0,0],"40":[0,0],"41":[0,0],"42":[0,0],"43":[0,0],"44":[0,0],"45":[0,0],"46":[0,0],"47":[0,0],"48":[0,0],"49":[0,0],"50":[0,0],"51":[0,0],"52":[0,0],"53":[0,0],"54":[0,0,0],"55":[0,0],"56":[0,0],"57":[0,0],"58":[0,0],"59":[0,0,0],"60":[0,0],"61":[0,0],"62":[0,0],"63":[0,0],"64":[0,0],"65":[0,0],"66":[0,0],"67":[0,0],"68":[0,0],"69":[0,0],"70":[0,0],"71":[0,0],"72":[0,0],"73":[0,0],"74":[0,0],"75":[0,0],"76":[0,0],"77":[0,0],"78":[0,0],"79":[0,0],"80":[0,0],"81":[0,0],"82":[0,0],"83":[0,0],"84":[0,0],"85":[0,0]},"f":{"1":0,"2":0,"3":0,"4":0,"5":0,"6":0,"7":0,"8":0,"9":0,"10":0,"11":0,"12":0,"13":0,"14":0,"15":0,"16":0,"17":0,"18":0,"19":0,"20":0,"21":0,"22":0,"23":0,"24":0,"25":0,"26":0,"27":0,"28":0,"29":0,"30":0,"31":0,"32":0,"33":0,"34":0,"35":0,"36":0,"37":0,"38":0},"fnMap":{"1":{"name":"(anonymous_1)","line":10,"loc":{"start":{"line":10,"column":1},"end":{"line":10,"column":20}}},"2":{"name":"(anonymous_2)","line":78,"loc":{"start":{"line":78,"column":60},"end":{"line":78,"column":87}}},"3":{"name":"(anonymous_3)","line":79,"loc":{"start":{"line":79,"column":11},"end":{"line":79,"column":42}}},"4":{"name":"(anonymous_4)","line":85,"loc":{"start":{"line":85,"column":40},"end":{"line":85,"column":59}}},"5":{"name":"(anonymous_5)","line":94,"loc":{"start":{"line":94,"column":30},"end":{"line":94,"column":46}}},"6":{"name":"(anonymous_6)","line":132,"loc":{"start":{"line":132,"column":17},"end":{"line":132,"column":28}}},"7":{"name":"(anonymous_7)","line":143,"loc":{"start":{"line":143,"column":30},"end":{"line":143,"column":47}}},"8":{"name":"(anonymous_8)","line":154,"loc":{"start":{"line":154,"column":28},"end":{"line":154,"column":44}}},"9":{"name":"(anonymous_9)","line":161,"loc":{"start":{"line":161,"column":21},"end":{"line":161,"column":32}}},"10":{"name":"(anonymous_10)","line":176,"loc":{"start":{"line":176,"column":17},"end":{"line":176,"column":28}}},"11":{"name":"(anonymous_11)","line":183,"loc":{"start":{"line":183,"column":26},"end":{"line":183,"column":42}}},"12":{"name":"(anonymous_12)","line":187,"loc":{"start":{"line":187,"column":21},"end":{"line":187,"column":32}}},"13":{"name":"(anonymous_13)","line":198,"loc":{"start":{"line":198,"column":32},"end":{"line":198,"column":43}}},"14":{"name":"(anonymous_14)","line":272,"loc":{"start":{"line":272,"column":43},"end":{"line":272,"column":60}}},"15":{"name":"(anonymous_15)","line":273,"loc":{"start":{"line":273,"column":11},"end":{"line":273,"column":42}}},"16":{"name":"(anonymous_16)","line":289,"loc":{"start":{"line":289,"column":30},"end":{"line":289,"column":47}}},"17":{"name":"(anonymous_17)","line":310,"loc":{"start":{"line":310,"column":29},"end":{"line":310,"column":45}}},"18":{"name":"(anonymous_18)","line":374,"loc":{"start":{"line":374,"column":25},"end":{"line":374,"column":41}}},"19":{"name":"(anonymous_19)","line":420,"loc":{"start":{"line":420,"column":23},"end":{"line":420,"column":34}}},"20":{"name":"(anonymous_20)","line":438,"loc":{"start":{"line":438,"column":30},"end":{"line":438,"column":46}}},"21":{"name":"getMimeType","line":454,"loc":{"start":{"line":454,"column":6},"end":{"line":454,"column":34}}},"22":{"name":"getItemType","line":470,"loc":{"start":{"line":470,"column":6},"end":{"line":470,"column":37}}},"23":{"name":"isDropAllowed","line":480,"loc":{"start":{"line":480,"column":6},"end":{"line":480,"column":39}}},"24":{"name":"getDropEffect","line":493,"loc":{"start":{"line":493,"column":6},"end":{"line":493,"column":56}}},"25":{"name":"stopDragover","line":520,"loc":{"start":{"line":520,"column":6},"end":{"line":520,"column":30}}},"26":{"name":"invokeCallback","line":529,"loc":{"start":{"line":529,"column":6},"end":{"line":529,"column":84}}},"27":{"name":"getPlaceholderIndex","line":545,"loc":{"start":{"line":545,"column":6},"end":{"line":545,"column":37}}},"28":{"name":"getPlaceholderElement","line":553,"loc":{"start":{"line":553,"column":6},"end":{"line":553,"column":39}}},"29":{"name":"(anonymous_29)","line":555,"loc":{"start":{"line":555,"column":44},"end":{"line":555,"column":64}}},"30":{"name":"(anonymous_30)","line":572,"loc":{"start":{"line":572,"column":34},"end":{"line":572,"column":45}}},"31":{"name":"(anonymous_31)","line":573,"loc":{"start":{"line":573,"column":11},"end":{"line":573,"column":42}}},"32":{"name":"(anonymous_32)","line":581,"loc":{"start":{"line":581,"column":30},"end":{"line":581,"column":46}}},"33":{"name":"(anonymous_33)","line":598,"loc":{"start":{"line":598,"column":28},"end":{"line":598,"column":44}}},"34":{"name":"(anonymous_34)","line":615,"loc":{"start":{"line":615,"column":34},"end":{"line":615,"column":45}}},"35":{"name":"(anonymous_35)","line":616,"loc":{"start":{"line":616,"column":11},"end":{"line":616,"column":42}}},"36":{"name":"(anonymous_36)","line":619,"loc":{"start":{"line":619,"column":38},"end":{"line":619,"column":54}}},"37":{"name":"filterEffects","line":629,"loc":{"start":{"line":629,"column":2},"end":{"line":629,"column":49}}},"38":{"name":"(anonymous_38)","line":631,"loc":{"start":{"line":631,"column":26},"end":{"line":631,"column":43}}}},"statementMap":{"1":{"start":{"line":10,"column":0},"end":{"line":650,"column":35}},"2":{"start":{"line":15,"column":2},"end":{"line":15,"column":38}},"3":{"start":{"line":16,"column":2},"end":{"line":16,"column":42}},"4":{"start":{"line":17,"column":2},"end":{"line":17,"column":30}},"5":{"start":{"line":20,"column":2},"end":{"line":20,"column":45}},"6":{"start":{"line":78,"column":2},"end":{"line":202,"column":6}},"7":{"start":{"line":79,"column":4},"end":{"line":201,"column":6}},"8":{"start":{"line":81,"column":6},"end":{"line":81,"column":40}},"9":{"start":{"line":84,"column":6},"end":{"line":88,"column":7}},"10":{"start":{"line":85,"column":8},"end":{"line":87,"column":11}},"11":{"start":{"line":86,"column":10},"end":{"line":86,"column":47}},"12":{"start":{"line":94,"column":6},"end":{"line":147,"column":9}},"13":{"start":{"line":95,"column":8},"end":{"line":95,"column":45}},"14":{"start":{"line":98,"column":8},"end":{"line":98,"column":62}},"15":{"start":{"line":98,"column":50},"end":{"line":98,"column":62}},"16":{"start":{"line":101,"column":8},"end":{"line":101,"column":35}},"17":{"start":{"line":102,"column":8},"end":{"line":102,"column":84}},"18":{"start":{"line":105,"column":8},"end":{"line":105,"column":37}},"19":{"start":{"line":106,"column":8},"end":{"line":106,"column":73}},"20":{"start":{"line":107,"column":8},"end":{"line":107,"column":66}},"21":{"start":{"line":111,"column":8},"end":{"line":111,"column":50}},"22":{"start":{"line":112,"column":8},"end":{"line":112,"column":88}},"23":{"start":{"line":113,"column":8},"end":{"line":128,"column":9}},"24":{"start":{"line":114,"column":10},"end":{"line":114,"column":69}},"25":{"start":{"line":117,"column":10},"end":{"line":117,"column":75}},"26":{"start":{"line":118,"column":10},"end":{"line":127,"column":11}},"27":{"start":{"line":119,"column":12},"end":{"line":119,"column":61}},"28":{"start":{"line":124,"column":12},"end":{"line":124,"column":84}},"29":{"start":{"line":125,"column":12},"end":{"line":125,"column":65}},"30":{"start":{"line":126,"column":12},"end":{"line":126,"column":61}},"31":{"start":{"line":131,"column":8},"end":{"line":131,"column":40}},"32":{"start":{"line":132,"column":8},"end":{"line":132,"column":75}},"33":{"start":{"line":132,"column":30},"end":{"line":132,"column":68}},"34":{"start":{"line":135,"column":8},"end":{"line":137,"column":9}},"35":{"start":{"line":136,"column":10},"end":{"line":136,"column":60}},"36":{"start":{"line":140,"column":8},"end":{"line":140,"column":57}},"37":{"start":{"line":141,"column":8},"end":{"line":144,"column":9}},"38":{"start":{"line":142,"column":10},"end":{"line":142,"column":50}},"39":{"start":{"line":143,"column":10},"end":{"line":143,"column":89}},"40":{"start":{"line":143,"column":49},"end":{"line":143,"column":86}},"41":{"start":{"line":146,"column":8},"end":{"line":146,"column":32}},"42":{"start":{"line":154,"column":6},"end":{"line":177,"column":9}},"43":{"start":{"line":155,"column":8},"end":{"line":155,"column":45}},"44":{"start":{"line":161,"column":8},"end":{"line":166,"column":11}},"45":{"start":{"line":162,"column":10},"end":{"line":162,"column":47}},"46":{"start":{"line":163,"column":10},"end":{"line":163,"column":97}},"47":{"start":{"line":164,"column":10},"end":{"line":164,"column":62}},"48":{"start":{"line":165,"column":10},"end":{"line":165,"column":81}},"49":{"start":{"line":169,"column":8},"end":{"line":169,"column":36}},"50":{"start":{"line":170,"column":8},"end":{"line":170,"column":38}},"51":{"start":{"line":171,"column":8},"end":{"line":171,"column":43}},"52":{"start":{"line":172,"column":8},"end":{"line":172,"column":49}},"53":{"start":{"line":173,"column":8},"end":{"line":173,"column":32}},"54":{"start":{"line":176,"column":8},"end":{"line":176,"column":78}},"55":{"start":{"line":176,"column":30},"end":{"line":176,"column":71}},"56":{"start":{"line":183,"column":6},"end":{"line":193,"column":9}},"57":{"start":{"line":184,"column":8},"end":{"line":184,"column":38}},"58":{"start":{"line":184,"column":31},"end":{"line":184,"column":38}},"59":{"start":{"line":186,"column":8},"end":{"line":186,"column":45}},"60":{"start":{"line":187,"column":8},"end":{"line":189,"column":11}},"61":{"start":{"line":188,"column":10},"end":{"line":188,"column":58}},"62":{"start":{"line":192,"column":8},"end":{"line":192,"column":32}},"63":{"start":{"line":198,"column":6},"end":{"line":200,"column":9}},"64":{"start":{"line":199,"column":8},"end":{"line":199,"column":43}},"65":{"start":{"line":199,"column":27},"end":{"line":199,"column":43}},"66":{"start":{"line":272,"column":2},"end":{"line":564,"column":6}},"67":{"start":{"line":273,"column":4},"end":{"line":563,"column":6}},"68":{"start":{"line":276,"column":6},"end":{"line":276,"column":48}},"69":{"start":{"line":277,"column":6},"end":{"line":277,"column":27}},"70":{"start":{"line":279,"column":6},"end":{"line":279,"column":43}},"71":{"start":{"line":280,"column":6},"end":{"line":280,"column":32}},"72":{"start":{"line":281,"column":6},"end":{"line":281,"column":28}},"73":{"start":{"line":289,"column":6},"end":{"line":304,"column":9}},"74":{"start":{"line":290,"column":8},"end":{"line":290,"column":45}},"75":{"start":{"line":293,"column":8},"end":{"line":293,"column":78}},"76":{"start":{"line":294,"column":8},"end":{"line":299,"column":10}},"77":{"start":{"line":301,"column":8},"end":{"line":301,"column":61}},"78":{"start":{"line":302,"column":8},"end":{"line":302,"column":76}},"79":{"start":{"line":302,"column":64},"end":{"line":302,"column":76}},"80":{"start":{"line":303,"column":8},"end":{"line":303,"column":31}},"81":{"start":{"line":310,"column":6},"end":{"line":367,"column":9}},"82":{"start":{"line":311,"column":8},"end":{"line":311,"column":45}},"83":{"start":{"line":314,"column":8},"end":{"line":314,"column":61}},"84":{"start":{"line":315,"column":8},"end":{"line":315,"column":45}},"85":{"start":{"line":316,"column":8},"end":{"line":316,"column":63}},"86":{"start":{"line":316,"column":51},"end":{"line":316,"column":63}},"87":{"start":{"line":319,"column":8},"end":{"line":321,"column":9}},"88":{"start":{"line":320,"column":10},"end":{"line":320,"column":38}},"89":{"start":{"line":323,"column":8},"end":{"line":342,"column":9}},"90":{"start":{"line":325,"column":10},"end":{"line":325,"column":42}},"91":{"start":{"line":326,"column":10},"end":{"line":328,"column":11}},"92":{"start":{"line":327,"column":12},"end":{"line":327,"column":51}},"93":{"start":{"line":330,"column":10},"end":{"line":341,"column":11}},"94":{"start":{"line":333,"column":12},"end":{"line":333,"column":60}},"95":{"start":{"line":334,"column":12},"end":{"line":338,"column":13}},"96":{"start":{"line":335,"column":14},"end":{"line":335,"column":75}},"97":{"start":{"line":337,"column":14},"end":{"line":337,"column":75}},"98":{"start":{"line":339,"column":12},"end":{"line":340,"column":71}},"99":{"start":{"line":347,"column":8},"end":{"line":347,"column":60}},"100":{"start":{"line":348,"column":8},"end":{"line":348,"column":66}},"101":{"start":{"line":349,"column":8},"end":{"line":349,"column":56}},"102":{"start":{"line":349,"column":34},"end":{"line":349,"column":56}},"103":{"start":{"line":353,"column":8},"end":{"line":355,"column":9}},"104":{"start":{"line":354,"column":10},"end":{"line":354,"column":32}},"105":{"start":{"line":359,"column":8},"end":{"line":359,"column":31}},"106":{"start":{"line":360,"column":8},"end":{"line":362,"column":9}},"107":{"start":{"line":361,"column":10},"end":{"line":361,"column":53}},"108":{"start":{"line":364,"column":8},"end":{"line":364,"column":40}},"109":{"start":{"line":365,"column":8},"end":{"line":365,"column":32}},"110":{"start":{"line":366,"column":8},"end":{"line":366,"column":21}},"111":{"start":{"line":374,"column":6},"end":{"line":430,"column":9}},"112":{"start":{"line":375,"column":8},"end":{"line":375,"column":45}},"113":{"start":{"line":378,"column":8},"end":{"line":378,"column":61}},"114":{"start":{"line":379,"column":8},"end":{"line":379,"column":45}},"115":{"start":{"line":380,"column":8},"end":{"line":380,"column":63}},"116":{"start":{"line":380,"column":51},"end":{"line":380,"column":63}},"117":{"start":{"line":384,"column":8},"end":{"line":384,"column":31}},"118":{"start":{"line":387,"column":8},"end":{"line":391,"column":9}},"119":{"start":{"line":388,"column":10},"end":{"line":388,"column":70}},"120":{"start":{"line":390,"column":10},"end":{"line":390,"column":32}},"121":{"start":{"line":394,"column":8},"end":{"line":398,"column":9}},"122":{"start":{"line":395,"column":10},"end":{"line":395,"column":44}},"123":{"start":{"line":396,"column":10},"end":{"line":396,"column":27}},"124":{"start":{"line":397,"column":10},"end":{"line":397,"column":62}},"125":{"start":{"line":397,"column":40},"end":{"line":397,"column":62}},"126":{"start":{"line":401,"column":8},"end":{"line":401,"column":60}},"127":{"start":{"line":402,"column":8},"end":{"line":402,"column":66}},"128":{"start":{"line":403,"column":8},"end":{"line":403,"column":56}},"129":{"start":{"line":403,"column":34},"end":{"line":403,"column":56}},"130":{"start":{"line":406,"column":8},"end":{"line":406,"column":42}},"131":{"start":{"line":407,"column":8},"end":{"line":410,"column":9}},"132":{"start":{"line":408,"column":10},"end":{"line":408,"column":88}},"133":{"start":{"line":409,"column":10},"end":{"line":409,"column":43}},"134":{"start":{"line":409,"column":21},"end":{"line":409,"column":43}},"135":{"start":{"line":413,"column":8},"end":{"line":413,"column":41}},"136":{"start":{"line":414,"column":8},"end":{"line":416,"column":9}},"137":{"start":{"line":415,"column":10},"end":{"line":415,"column":53}},"138":{"start":{"line":419,"column":8},"end":{"line":423,"column":9}},"139":{"start":{"line":420,"column":10},"end":{"line":422,"column":13}},"140":{"start":{"line":421,"column":12},"end":{"line":421,"column":61}},"141":{"start":{"line":424,"column":8},"end":{"line":424,"column":83}},"142":{"start":{"line":427,"column":8},"end":{"line":427,"column":23}},"143":{"start":{"line":428,"column":8},"end":{"line":428,"column":32}},"144":{"start":{"line":429,"column":8},"end":{"line":429,"column":21}},"145":{"start":{"line":438,"column":6},"end":{"line":448,"column":9}},"146":{"start":{"line":439,"column":8},"end":{"line":439,"column":45}},"147":{"start":{"line":441,"column":8},"end":{"line":441,"column":80}},"148":{"start":{"line":442,"column":8},"end":{"line":447,"column":9}},"149":{"start":{"line":444,"column":10},"end":{"line":444,"column":35}},"150":{"start":{"line":446,"column":10},"end":{"line":446,"column":25}},"151":{"start":{"line":454,"column":6},"end":{"line":463,"column":7}},"152":{"start":{"line":455,"column":8},"end":{"line":455,"column":42}},"153":{"start":{"line":455,"column":20},"end":{"line":455,"column":42}},"154":{"start":{"line":456,"column":8},"end":{"line":461,"column":9}},"155":{"start":{"line":457,"column":10},"end":{"line":460,"column":11}},"156":{"start":{"line":459,"column":12},"end":{"line":459,"column":28}},"157":{"start":{"line":462,"column":8},"end":{"line":462,"column":20}},"158":{"start":{"line":470,"column":6},"end":{"line":474,"column":7}},"159":{"start":{"line":471,"column":8},"end":{"line":471,"column":71}},"160":{"start":{"line":471,"column":33},"end":{"line":471,"column":71}},"161":{"start":{"line":472,"column":8},"end":{"line":472,"column":82}},"162":{"start":{"line":472,"column":70},"end":{"line":472,"column":82}},"163":{"start":{"line":473,"column":8},"end":{"line":473,"column":80}},"164":{"start":{"line":480,"column":6},"end":{"line":485,"column":7}},"165":{"start":{"line":481,"column":8},"end":{"line":481,"column":48}},"166":{"start":{"line":481,"column":35},"end":{"line":481,"column":48}},"167":{"start":{"line":482,"column":8},"end":{"line":482,"column":80}},"168":{"start":{"line":482,"column":67},"end":{"line":482,"column":80}},"169":{"start":{"line":483,"column":8},"end":{"line":483,"column":73}},"170":{"start":{"line":483,"column":61},"end":{"line":483,"column":73}},"171":{"start":{"line":484,"column":8},"end":{"line":484,"column":77}},"172":{"start":{"line":493,"column":6},"end":{"line":515,"column":7}},"173":{"start":{"line":494,"column":8},"end":{"line":494,"column":34}},"174":{"start":{"line":495,"column":8},"end":{"line":497,"column":9}},"175":{"start":{"line":496,"column":10},"end":{"line":496,"column":77}},"176":{"start":{"line":498,"column":8},"end":{"line":500,"column":9}},"177":{"start":{"line":499,"column":10},"end":{"line":499,"column":67}},"178":{"start":{"line":501,"column":8},"end":{"line":503,"column":9}},"179":{"start":{"line":502,"column":10},"end":{"line":502,"column":66}},"180":{"start":{"line":506,"column":8},"end":{"line":514,"column":9}},"181":{"start":{"line":507,"column":10},"end":{"line":507,"column":24}},"182":{"start":{"line":508,"column":15},"end":{"line":514,"column":9}},"183":{"start":{"line":509,"column":10},"end":{"line":509,"column":24}},"184":{"start":{"line":510,"column":15},"end":{"line":514,"column":9}},"185":{"start":{"line":511,"column":10},"end":{"line":511,"column":24}},"186":{"start":{"line":513,"column":10},"end":{"line":513,"column":28}},"187":{"start":{"line":520,"column":6},"end":{"line":524,"column":7}},"188":{"start":{"line":521,"column":8},"end":{"line":521,"column":29}},"189":{"start":{"line":522,"column":8},"end":{"line":522,"column":43}},"190":{"start":{"line":523,"column":8},"end":{"line":523,"column":20}},"191":{"start":{"line":529,"column":6},"end":{"line":539,"column":7}},"192":{"start":{"line":530,"column":8},"end":{"line":538,"column":11}},"193":{"start":{"line":545,"column":6},"end":{"line":547,"column":7}},"194":{"start":{"line":546,"column":8},"end":{"line":546,"column":80}},"195":{"start":{"line":553,"column":6},"end":{"line":562,"column":7}},"196":{"start":{"line":554,"column":8},"end":{"line":554,"column":24}},"197":{"start":{"line":555,"column":8},"end":{"line":560,"column":11}},"198":{"start":{"line":556,"column":10},"end":{"line":556,"column":49}},"199":{"start":{"line":557,"column":10},"end":{"line":559,"column":11}},"200":{"start":{"line":558,"column":12},"end":{"line":558,"column":32}},"201":{"start":{"line":561,"column":8},"end":{"line":561,"column":82}},"202":{"start":{"line":572,"column":2},"end":{"line":605,"column":5}},"203":{"start":{"line":573,"column":4},"end":{"line":604,"column":6}},"204":{"start":{"line":575,"column":6},"end":{"line":575,"column":40}},"205":{"start":{"line":581,"column":6},"end":{"line":592,"column":9}},"206":{"start":{"line":582,"column":8},"end":{"line":582,"column":45}},"207":{"start":{"line":584,"column":8},"end":{"line":591,"column":9}},"208":{"start":{"line":587,"column":10},"end":{"line":589,"column":11}},"209":{"start":{"line":588,"column":12},"end":{"line":588,"column":35}},"210":{"start":{"line":590,"column":10},"end":{"line":590,"column":34}},"211":{"start":{"line":598,"column":6},"end":{"line":603,"column":9}},"212":{"start":{"line":599,"column":8},"end":{"line":599,"column":45}},"213":{"start":{"line":600,"column":8},"end":{"line":602,"column":9}},"214":{"start":{"line":601,"column":10},"end":{"line":601,"column":34}},"215":{"start":{"line":615,"column":2},"end":{"line":624,"column":5}},"216":{"start":{"line":616,"column":4},"end":{"line":623,"column":6}},"217":{"start":{"line":617,"column":6},"end":{"line":617,"column":40}},"218":{"start":{"line":619,"column":6},"end":{"line":622,"column":9}},"219":{"start":{"line":620,"column":8},"end":{"line":620,"column":45}},"220":{"start":{"line":621,"column":8},"end":{"line":621,"column":32}},"221":{"start":{"line":629,"column":2},"end":{"line":634,"column":3}},"222":{"start":{"line":630,"column":4},"end":{"line":630,"column":47}},"223":{"start":{"line":630,"column":32},"end":{"line":630,"column":47}},"224":{"start":{"line":631,"column":4},"end":{"line":633,"column":7}},"225":{"start":{"line":632,"column":6},"end":{"line":632,"column":63}},"226":{"start":{"line":648,"column":2},"end":{"line":648,"column":20}}},"branchMap":{"1":{"line":84,"type":"if","locations":[{"start":{"line":84,"column":6},"end":{"line":84,"column":6}},{"start":{"line":84,"column":6},"end":{"line":84,"column":6}}]},"2":{"line":95,"type":"binary-expr","locations":[{"start":{"line":95,"column":16},"end":{"line":95,"column":35}},{"start":{"line":95,"column":39},"end":{"line":95,"column":44}}]},"3":{"line":98,"type":"if","locations":[{"start":{"line":98,"column":8},"end":{"line":98,"column":8}},{"start":{"line":98,"column":8},"end":{"line":98,"column":8}}]},"4":{"line":102,"type":"binary-expr","locations":[{"start":{"line":102,"column":28},"end":{"line":102,"column":40}},{"start":{"line":102,"column":44},"end":{"line":102,"column":83}}]},"5":{"line":106,"type":"binary-expr","locations":[{"start":{"line":106,"column":33},"end":{"line":106,"column":54}},{"start":{"line":106,"column":58},"end":{"line":106,"column":72}}]},"6":{"line":112,"type":"cond-expr","locations":[{"start":{"line":112,"column":57},"end":{"line":112,"column":80}},{"start":{"line":112,"column":84},"end":{"line":112,"column":86}}]},"7":{"line":135,"type":"if","locations":[{"start":{"line":135,"column":8},"end":{"line":135,"column":8}},{"start":{"line":135,"column":8},"end":{"line":135,"column":8}}]},"8":{"line":135,"type":"binary-expr","locations":[{"start":{"line":135,"column":12},"end":{"line":135,"column":28}},{"start":{"line":135,"column":32},"end":{"line":135,"column":63}}]},"9":{"line":141,"type":"if","locations":[{"start":{"line":141,"column":8},"end":{"line":141,"column":8}},{"start":{"line":141,"column":8},"end":{"line":141,"column":8}}]},"10":{"line":143,"type":"binary-expr","locations":[{"start":{"line":143,"column":72},"end":{"line":143,"column":78}},{"start":{"line":143,"column":82},"end":{"line":143,"column":84}}]},"11":{"line":155,"type":"binary-expr","locations":[{"start":{"line":155,"column":16},"end":{"line":155,"column":35}},{"start":{"line":155,"column":39},"end":{"line":155,"column":44}}]},"12":{"line":184,"type":"if","locations":[{"start":{"line":184,"column":8},"end":{"line":184,"column":8}},{"start":{"line":184,"column":8},"end":{"line":184,"column":8}}]},"13":{"line":186,"type":"binary-expr","locations":[{"start":{"line":186,"column":16},"end":{"line":186,"column":35}},{"start":{"line":186,"column":39},"end":{"line":186,"column":44}}]},"14":{"line":199,"type":"if","locations":[{"start":{"line":199,"column":8},"end":{"line":199,"column":8}},{"start":{"line":199,"column":8},"end":{"line":199,"column":8}}]},"15":{"line":290,"type":"binary-expr","locations":[{"start":{"line":290,"column":16},"end":{"line":290,"column":35}},{"start":{"line":290,"column":39},"end":{"line":290,"column":44}}]},"16":{"line":293,"type":"binary-expr","locations":[{"start":{"line":293,"column":20},"end":{"line":293,"column":40}},{"start":{"line":293,"column":44},"end":{"line":293,"column":77}}]},"17":{"line":295,"type":"binary-expr","locations":[{"start":{"line":295,"column":24},"end":{"line":295,"column":46}},{"start":{"line":295,"column":50},"end":{"line":295,"column":90}}]},"18":{"line":296,"type":"binary-expr","locations":[{"start":{"line":296,"column":20},"end":{"line":296,"column":37}},{"start":{"line":296,"column":41},"end":{"line":296,"column":71}}]},"19":{"line":297,"type":"binary-expr","locations":[{"start":{"line":297,"column":27},"end":{"line":297,"column":50}},{"start":{"line":297,"column":54},"end":{"line":297,"column":90}}]},"20":{"line":298,"type":"binary-expr","locations":[{"start":{"line":298,"column":22},"end":{"line":298,"column":44}},{"start":{"line":298,"column":48},"end":{"line":298,"column":83}}]},"21":{"line":302,"type":"if","locations":[{"start":{"line":302,"column":8},"end":{"line":302,"column":8}},{"start":{"line":302,"column":8},"end":{"line":302,"column":8}}]},"22":{"line":302,"type":"binary-expr","locations":[{"start":{"line":302,"column":12},"end":{"line":302,"column":21}},{"start":{"line":302,"column":25},"end":{"line":302,"column":62}}]},"23":{"line":311,"type":"binary-expr","locations":[{"start":{"line":311,"column":16},"end":{"line":311,"column":35}},{"start":{"line":311,"column":39},"end":{"line":311,"column":44}}]},"24":{"line":316,"type":"if","locations":[{"start":{"line":316,"column":8},"end":{"line":316,"column":8}},{"start":{"line":316,"column":8},"end":{"line":316,"column":8}}]},"25":{"line":316,"type":"binary-expr","locations":[{"start":{"line":316,"column":12},"end":{"line":316,"column":21}},{"start":{"line":316,"column":25},"end":{"line":316,"column":49}}]},"26":{"line":319,"type":"if","locations":[{"start":{"line":319,"column":8},"end":{"line":319,"column":8}},{"start":{"line":319,"column":8},"end":{"line":319,"column":8}}]},"27":{"line":323,"type":"if","locations":[{"start":{"line":323,"column":8},"end":{"line":323,"column":8}},{"start":{"line":323,"column":8},"end":{"line":323,"column":8}}]},"28":{"line":326,"type":"binary-expr","locations":[{"start":{"line":326,"column":17},"end":{"line":326,"column":52}},{"start":{"line":326,"column":56},"end":{"line":326,"column":79}}]},"29":{"line":330,"type":"if","locations":[{"start":{"line":330,"column":10},"end":{"line":330,"column":10}},{"start":{"line":330,"column":10},"end":{"line":330,"column":10}}]},"30":{"line":330,"type":"binary-expr","locations":[{"start":{"line":330,"column":14},"end":{"line":330,"column":49}},{"start":{"line":330,"column":53},"end":{"line":330,"column":84}}]},"31":{"line":334,"type":"if","locations":[{"start":{"line":334,"column":12},"end":{"line":334,"column":12}},{"start":{"line":334,"column":12},"end":{"line":334,"column":12}}]},"32":{"line":340,"type":"cond-expr","locations":[{"start":{"line":340,"column":30},"end":{"line":340,"column":42}},{"start":{"line":340,"column":45},"end":{"line":340,"column":69}}]},"33":{"line":349,"type":"if","locations":[{"start":{"line":349,"column":8},"end":{"line":349,"column":8}},{"start":{"line":349,"column":8},"end":{"line":349,"column":8}}]},"34":{"line":353,"type":"if","locations":[{"start":{"line":353,"column":8},"end":{"line":353,"column":8}},{"start":{"line":353,"column":8},"end":{"line":353,"column":8}}]},"35":{"line":353,"type":"binary-expr","l
[...]
    .config(function($routeProvider) {","        $routeProvider","            .when('/simple', {","                templateUrl: 'simple/simple-frame.html',","                controller: 'SimpleDemoController'","            })","            .when('/nested', {","                templateUrl: 'nested/nested-frame.html',","                controller: 'NestedListsDemoController'","            })","            .when('/types', {","                templateUrl: 'types/types-frame.html',","                controller: 'TypesDemoController'","            })","            .when('/advanced', {","                templateUrl: 'advanced/advanced-frame.html',","                controller: 'AdvancedDemoController'","            })","            .when('/multi', {","                templateUrl: 'multi/multi-frame.html',","                controller: 'MultiDemoController'","            })","            .otherwise({redirectTo: '/nested'});","    })","","    .directive('navigation', function($rootScope, $location) {","        return {","            template: '<li ng-repeat=\"option in options\" ng-class=\"{active: isActive(option)}\">' +","                      '    <a ng-href=\"{{option.href}}\">{{option.label}}</a>' +","                      '</li>',","            link: function (scope, element, attr) {","                scope.options = [","                    {label: \"Nested Containers\", href: \"#/nested\"},","                    {label: \"Simple Demo\", href: \"#/simple\"},","                    {label: \"Item Types\", href: \"#/types\"},","                    {label: \"Advanced Demo\", href: \"#/advanced\"},","                    {label: \"Multiselection\", href: \"#/multi\"},","                    {label: \"Github\", href: \"https://github.com/marceljuenemann/angular-drag-and-drop-lists\"}","                ];","","                scope.isActive = function(option) {","                    return option.href.indexOf(scope.location) === 1;","                };","","                $rootScope.$on(\"$locationChangeSuccess\", function(event, next, current) {","                    scope.location = $location.path();","                });","            }","        };","    });",""],"l":{"1":2,"3":0,"28":0,"33":0,"42":0,"43":0,"46":0,"47":0}},"/home/travis/build/npmtest/node-npmtest-angular-drag-and-drop-lists/node_modules/angular-drag-and-drop-lists/demo/framework/view-source.js":{"path":"/home/travis/build/npmtest/node-npmtest-angular-drag-and-drop-lists/node_modules/angular-drag-and-drop-lists/demo/framework/view-source.js","s":{"1":2,"2":0,"3":0,"4":0,"5":0,"6":0,"7":0},"b":{},"f":{"1":0,"2":0,"3":0,"4":0},"fnMap":{"1":{"name":"(anonymous_1)","line":1,"loc":{"start":{"line":1,"column":47},"end":{"line":1,"column":73}}},"2":{"name":"(anonymous_2)","line":8,"loc":{"start":{"line":8,"column":14},"end":{"line":8,"column":46}}},"3":{"name":"(anonymous_3)","line":19,"loc":{"start":{"line":19,"column":48},"end":{"line":19,"column":63}}},"4":{"name":"(anonymous_4)","line":21,"loc":{"start":{"line":21,"column":29},"end":{"line":21,"column":45}}}},"statementMap":{"1":{"start":{"line":1,"column":0},"end":{"line":29,"column":3}},"2":{"start":{"line":2,"column":4},"end":{"line":28,"column":6}},"3":{"start":{"line":10,"column":12},"end":{"line":17,"column":14}},"4":{"start":{"line":19,"column":12},"end":{"line":25,"column":15}},"5":{"start":{"line":20,"column":16},"end":{"line":24,"column":23}},"6":{"start":{"line":22,"column":24},"end":{"line":22,"column":43}},"7":{"start":{"line":23,"column":24},"end":{"line":23,"column":56}}},"branchMap":{},"code":["angular.module(\"demo\").directive('viewSource', function($http, $timeout) {","    return {","        scope: {","            demoName: \"@viewSource\",","            highlightLines: \"=\"","        },","        templateUrl: 'framework/view-source.html',","        link: function (scope, element, attr) {","","            scope.models = {","                types: [","                    {extension: \"html\", language: \"markup\", label: \"Markup\"},","                    {extension: \"css\", language: \"css\", label: \"CSS\"},","                    {extension: \"js\", language: \"javascript\", label: \"Javascript\"},","                ],","                activeTab: \"markup\"","            };","","            angular.forEach(scope.models.types, function(type) {","                $http.get(scope.demoName + '/' + scope.demoName + '.' + type.extension)","                    .success(function (data) {","                        type.source = data;","                        $timeout(Prism.highlightAll, 0);","                    });","            });","","        }","    };","});",""],"l":{"1":2,"2":0,"10":0,"19":0,"20":0,"22":0,"23":0}},"/home/travis/build/npmtest/node-npmtest-angular-drag-and-drop-lists/node_modules/angular-drag-and-drop-lists/demo/multi/multi.js":{"path":"/home/travis/build/npmtest/node-npmtest-angular-drag-and-drop-lists/node_modules/angular-drag-and-drop-lists/demo/multi/multi.js","s":{"1":2,"2":0,"3":0,"4":0,"5":0,"6":0,"7":0,"8":0,"9":0,"10":0,"11":0,"12":0,"13":0,"14":0,"15":0,"16":0,"17":0,"18":0,"19":0,"20":0,"21":0,"22":0,"23":0,"24":0,"25":0},"b":{"1":[0,0]},"f":{"1":0,"2":0,"3":0,"4":0,"5":0,"6":0,"7":0,"8":0,"9":0,"10":0},"fnMap":{"1":{"name":"(anonymous_1)","line":1,"loc":{"start":{"line":1,"column":57},"end":{"line":1,"column":74}}},"2":{"name":"(anonymous_2)","line":13,"loc":{"start":{"line":13,"column":39},"end":{"line":13,"column":60}}},"3":{"name":"(anonymous_3)","line":15,"loc":{"start":{"line":15,"column":31},"end":{"line":15,"column":46}}},"4":{"name":"(anonymous_4)","line":24,"loc":{"start":{"line":24,"column":25},"end":{"line":24,"column":47}}},"5":{"name":"(anonymous_5)","line":38,"loc":{"start":{"line":38,"column":20},"end":{"line":38,"column":49}}},"6":{"name":"(anonymous_6)","line":39,"loc":{"start":{"line":39,"column":29},"end":{"line":39,"column":44}}},"7":{"name":"(anonymous_7)","line":50,"loc":{"start":{"line":50,"column":21},"end":{"line":50,"column":36}}},"8":{"name":"(anonymous_8)","line":51,"loc":{"start":{"line":51,"column":37},"end":{"line":51,"column":52}}},"9":{"name":"(anonymous_9)","line":55,"loc":{"start":{"line":55,"column":35},"end":{"line":55,"column":50}}},"10":{"name":"(anonymous_10)","line":62,"loc":{"start":{"line":62,"column":28},"end":{"line":62,"column":44}}}},"statementMap":{"1":{"start":{"line":1,"column":0},"end":{"line":66,"column":3}},"2":{"start":{"line":3,"column":4},"end":{"line":6,"column":6}},"3":{"start":{"line":13,"column":4},"end":{"line":16,"column":6}},"4":{"start":{"line":14,"column":6},"end":{"line":14,"column":27}},"5":{"start":{"line":15,"column":6},"end":{"line":15,"column":73}},"6":{"start":{"line":15,"column":48},"end":{"line":15,"column":69}},"7":{"start":{"line":24,"column":4},"end":{"line":31,"column":6}},"8":{"start":{"line":25,"column":7},"end":{"line":25,"column":28}},"9":{"start":{"line":26,"column":7},"end":{"line":30,"column":8}},"10":{"start":{"line":27,"column":9},"end":{"line":27,"column":31}},"11":{"start":{"line":28,"column":9},"end":{"line":28,"column":72}},"12":{"start":{"line":29,"column":9},"end":{"line":29,"column":52}},"13":{"start":{"line":38,"column":4},"end":{"line":44,"column":5}},"14":{"start":{"line":39,"column":6},"end":{"line":39,"column":72}},"15":{"start":{"line":39,"column":46},"end":{"line":39,"column":68}},"16":{"start":{"line":40,"column":6},"end":{"line":42,"column":51}},"17":{"start":{"line":43,"column":6},"end":{"line":43,"column":18}},"18":{"start":{"line":50,"column":4},"end":{"line":52,"column":6}},"19":{"start":{"line":51,"column":6},"end":{"line":51,"column":80}},"20":{"start":{"line":51,"column":54},"end":{"line":51,"column":76}},"21":{"start":{"line":55,"column":4},"end":{"line":59,"column":7}},"22":{"start":{"line":56,"column":6},"end":{"line":58,"column":7}},"23":{"start":{"line":57,"column":10},"end":{"line":57,"column":64}},"24":{"start":{"line":62,"column":4},"end":{"line":64,"column":13}},"25":{"start":{"line":63,"column":8},"end":{"line":63,"column":57}}},"branchMap":{"1":{"line":26,"type":"if","locations":[{"start":{"line":26,"column":7},"end":{"line":26,"column":7}},{"start":{"line":26,"column":7},"end":{"line":26,"column":7}}]}},"code":["angular.module(\"demo\").controller(\"MultiDemoController\", function($scope) {","","    $scope.models = [","      {listName: \"A\", items: [], dragging: false},","      {listName: \"B\", items: [], dragging: false}","    ];","","    /**","     * dnd-dragging determines what data gets serialized and send to the receiver","     * of the drop. While we usually just send a single object, we send the array","     * of all selected items here.","     */","    $scope.getSelectedItemsIncluding = function(list, item) {","      item.selected = true;","      return list.items.filter(function(item) { return item.selected; });","    };","","    /**","     * We set the list into dragging state, meaning the items that are being","     * dragged are hidden. We also use the HTML5 API directly to set a custom","     * image, since otherwise only the one item that the user actually dragged","     * would be shown as drag image.","     */","    $scope.onDragstart = function(list, event) {","       list.dragging = true;","       if (event.dataTransfer.setDragImage) {","         var img = new Image();","         img.src = 'framework/vendor/ic_content_copy_black_24dp_2x.png';","         event.dataTransfer.setDragImage(img, 0, 0);","       }","    };","","    /**","     * In the dnd-drop callback, we now have to handle the data array that we","     * sent above. We handle the insertion into the list ourselves. By returning","     * true, the dnd-list directive won't do the insertion itself.","     */","    $scope.onDrop = function(list, items, index) {","      angular.forEach(items, function(item) { item.selected = false; });","      list.items = list.items.slice(0, index)","                  .concat(items)","                  .concat(list.items.slice(index));","      return true;","    }","","    /**","     * Last but not least, we have to remove the previously dragged items in the","     * dnd-moved callback.","     */","    $scope.onMoved = function(list) {","      list.items = list.items.filter(function(item) { return !item.selected; });","    };","","    // Generate the initial model","    angular.forEach($scope.models, function(list) {","      for (var i = 1; i <= 4; ++i) {","          list.items.push({label: \"Item \" + list.listName + i});","      }","    });","","    // Model to JSON for demo purpose","    $scope.$watch('models', function(model) {","        $scope.modelAsJson = angular.toJson(model, true);","    }, true);","","});",""],"l":{"1":2,"3":0,"13":0,"14":0,"15":0,"24":0,"25":0,"26":0,"27":0,"28":0,"29":0,"38":0,"39":0,"40":0,"43":0,"50":0,"51":0,"55":0,"56":0,"57":0,"62":0,"63":0}},"/home/travis/build/npmtest/node-npmtest-angular-drag-and-drop-lists/node_modules/angular-drag-and-drop-lists/demo/nested/nested.js":{"path":"/home/travis/build/npmtest/node-npmtest-angular-drag-and-drop-lists/node_modules/angular-drag-and-drop-lists/demo/nested/nested.js","s":{"1":2,"2":0,"3":0,"4":0},"b":{},"f":{"1":0,"2":0},"fnMap":{"1":{"name":"(anonymous_1)","line":4,"loc":{"start":{"line":4,"column":63},"end":{"line":4,"column":80}}},"2":{"name":"(anonymous_2)","line":118,"loc":{"start":{"line":118,"column":38},"end":{"line":118,"column":54}}}},"statementMap":{"1":{"start":{"line":4,"column":0},"end":{"line":122,"column":3}},"2":{"start":{"line":6,"column":4},"end":{"line":116,"column":6}},"3":{"start":{"line":118,"column":4},"end":{"line":120,"column":13}},"4":{"start":{"line":119,"column":8},"end":{"line":119,"column":57}}},"branchMap":{},"code":["/**"," * The controller doesn't do much more than setting the initial data model"," */","angular.module(\"demo\").controller(\"NestedListsDemoController\", function($scope) {","","    $scope.models = {","        selected: null,","        templates: [","            {type: \"item\", id: 2},","            {type: \"container\", id: 1, columns: [[], []]}","        ],","        dropzones: {","            \"A\": [","                {","                    \"type\": \"container\",","                    \"id\": 1,","                    \"columns\": [","                        [","                            {","                                \"type\": \"item\",","                                \"id\": \"1\"","                            },","                            {","                                \"type\": \"item\",","                                \"id\": \"2\"","                            }","                        ],","                        [","                            {","                                \"type\": \"item\",","                                \"id\": \"3\"","                            }","                        ]","                    ]","                },","                {","                    \"type\": \"item\",","                    \"id\": \"4\"","                },","                {","                    \"type\": \"item\",","                    \"id\": \"5\"","                },","                {","                    \"type\": \"item\",","                    \"id\": \"6\"","                }","            ],","            \"B\": [","                {","                    \"type\": \"item\",","                    \"id\": 7","                },","                {","                    \"type\": \"item\",","                    \"id\": \"8\"","                },","                {","                    \"type\": \"container\",","                    \"id\": \"2\",","                    \"columns\": [","                        [","                            {","                                \"type\": \"item\",","                                \"id\": \"9\"","                            },","                            {","                                \"type\": \"item\",","                                \"id\": \"10\"","                            },","                            {","                                \"type\": \"item\",","                                \"id\": \"11\"","                            }","                        ],","                        [","                            {","                                \"type\": \"item\",","                                \"id\": \"12\"","                            },","                            {","                                \"type\": \"container\",","                                \"id\": \"3\",","                                \"columns\": [","                                    [","                                        {","                                            \"type\": \"item\",","                                            \"id\": \"13\"","                                        }","                                    ],","                                    [","                                        {","                                            \"type\": \"item\",","                                            \"id\": \"14\"","                                        }","                                    ]","                                ]","                            },","                            {","                                \"type\": \"item\",","                                \"id\": \"15\"","                            },","                            {","                                \"type\": \"item\",","                                \"id\": \"16\"","                            }","                        ]","                    ]","                },","                {","                    \"type\": \"item\",","                    \"id\": 16","                }","            ]","        }","    };","","    $scope.$watch('models.dropzones', function(model) {","        $scope.modelAsJson = angular.toJson(model, true);","    }, true);","","});",""],"l":{"4":2,"6":0,"118":0,"119":0}},"/home/travis/build/npmtest/node-npmtest-angular-drag-and-drop-lists/node_modules/angular-drag-and-drop-lists/demo/simple/simple.js":{"path":"/home/travis/build/npmtest/node-npmtest-angular-drag-and-drop-lists/node_modules/angular-drag-and-drop-lists/demo/simple/simple.js","s":{"1":2,"2":0,"3":0,"4":0,"5":0,"6":0,"7":0},"b":{},"f":{"1":0,"2":0},"fnMap":{"1":{"name":"(anonymous_1)","line":1,"loc":{"start":{"line":1,"column":58},"end":{"line":1,"column":75}}},"2":{"name":"(anonymous_2)","line":15,"loc":{"start":{"line":15,"column":28},"end":{"line":15,"column":44}}}},"statementMap":{"1":{"start":{"line":1,"column":0},"end":{"line":19,"column":3}},"2":{"start":{"line":3,"column":4},"end":{"line":6,"column":6}},"3":{"start":{"line":9,"column":4},"end":{"line":12,"column":5}},"4":{"start":{"line":10,"column":8},"end":{"line":10,"column":58}},"5":{"start":{"line":11,"column":8},"end":{"line":11,"column":58}},"6":{"start":{"line":15,"column":4},"end":{"line":17,"column":13}},"7":{"start":{"line":16,"column":8},"end":{"line":16,"column":57}}},"branchMap":{},"code":["angular.module(\"demo\").controller(\"SimpleDemoController\", function($scope) {","","    $scope.models = {","        selected: null,","        lists: {\"A\": [], \"B\": []}","    };","","    // Generate initial model","    for (var i = 1; i <= 3; ++i) {","        $scope.models.lists.A.push({label: \"Item A\" + i});","        $scope.models.lists.B.push({label: \"Item B\" + i});","    }","","    // Model to JSON for demo purpose","    $scope.$watch('models', function(model) {","        $scope.modelAsJson = angular.toJson(model, true);","    }, true);","","});",""],"l":{"1":2,"3":0,"9":0,"10":0,"11":0,"15":0,"16":0}},"/home/travis/build/npmtest/node-npmtest-angular-drag-and-drop-lists/node_modules/angular-drag-and-drop-lists/demo/types/types.js":{"path":"/home/travis/build/npmtest/node-npmtest-angular-drag-and-drop-lists/node_modules/angular-drag-and-drop-lists/demo/types/types.js","s":{"1":2,"2":0,"3":0,"4":0},"b":{},"f":{"1":0,"2":0},"fnMap":{"1":{"name":"(anonymous_1)","line":1,"loc":{"start":{"line":1,"column":57},"end":{"line":1,"column":74}}},"2":{"name":"(anonymous_2)","line":39,"loc":{"start":{"line":39,"column":27},"end":{"line":39,"column":43}}}},"statementMap":{"1":{"start":{"line":1,"column":0},"end":{"line":43,"column":3}},"2":{"start":{"line":3,"column":4},"end":{"line":36,"column":6}},"3":{"start":{"line":39,"column":4},"end":{"line":41,"column":13}},"4":{"start":{"line":40,"column":8},"end":{"line":40,"column":57}}},"branchMap":{},"code":["angular.module(\"demo\").controller(\"TypesDemoController\", function($scope) {","","    $scope.lists = [","        {","            label: \"Men\",","            allowedTypes: ['man'],","            max: 4,","            people: [","                {name: \"Bob\", type: \"man\"},","                {name: \"Charlie\", type: \"man\"},","                {name: \"Dave\", type: \"man\"}","            ]","        },","        {","            label: \"Women\",","            allowedTypes: ['woman'],","            max: 4,","            people: [","                {name: \"Alice\", type: \"woman\"},","                {name: \"Eve\", type: \"woman\"},","                {name: \"Peggy\", type: \"woman\"}","            ]","        },","        {","            label: \"People\",","            allowedTypes: ['man', 'woman'],","            max: 6,","            people: [","                {name: \"Frank\", type: \"man\"},","                {name: \"Mallory\", type: \"woman\"},","                {name: \"Alex\", type: \"unknown\"},","                {name: \"Oscar\", type: \"man\"},","                {name: \"Wendy\", type: \"woman\"}","            ]","        }","    ];","","    // Model to JSON for demo purpose","    $scope.$watch('lists', function(lists) {","        $scope.modelAsJson = angular.toJson(lists, true);","    }, true);","","});",""],"l":{"1":2,"3":0,"39":0,"40":0}}}